This file contains any messages produced by compilers while
running configure, to aid debugging if configure makes a mistake.

It was created by OpenNTPD configure Portable, which was
generated by GNU Autoconf 2.59.  Invocation command line was

  $ ./configure --prefix=/usr

## --------- ##
## Platform. ##
## --------- ##

hostname = 10.0.2.15
uname -m = i686
uname -r = 3.2.1
uname -s = Minix
uname -v = 3.2.1

/usr/bin/uname -p = i386
/bin/uname -X     = unknown

/bin/arch              = unknown
/usr/bin/arch -k       = unknown
/usr/convex/getsysinfo = unknown
hostinfo               = unknown
/bin/machine           = unknown
/usr/bin/oslevel       = unknown
/bin/universe          = unknown

PATH: /root/bin
PATH: /usr/local/bin
PATH: /bin
PATH: /sbin
PATH: /usr/bin
PATH: /usr/sbin
PATH: /usr/pkg/bin
PATH: /usr/pkg/sbin
PATH: /usr/pkg/X11R6/bin


## ----------- ##
## Core tests. ##
## ----------- ##

configure:1367: checking for gcc
configure:1383: found /usr/pkg/bin/gcc
configure:1393: result: gcc
configure:1637: checking for C compiler version
configure:1640: gcc --version </dev/null >&5
gcc (GCC) 4.4.7
Copyright (C) 2010 Free Software Foundation, Inc.
This is free software; see the source for copying conditions.  There is NO
warranty; not even for MERCHANTABILITY or FITNESS FOR A PARTICULAR PURPOSE.

configure:1643: $? = 0
configure:1645: gcc -v </dev/null >&5
Using built-in specs.
Target: i386-pc-minix
Configured with: /usr/pkgsrc/work/lang/gcc44/work/gcc-4.4.7/configure --disable-nls --enable-__cxa_atexit --host=i386-pc-minix --target=i386-pc-minix --build=i386-pc-minix --disable-visibility --enable-__cxa_atexit --prefix=/usr/pkg/gcc44 --enable-languages='c c++ fortran' --enable-shared --enable-long-long --with-local-prefix=/usr/pkg/gcc44 --disable-libssp --with-gmp=/usr/pkg --with-mpfr=/usr/pkg
Thread model: single
gcc version 4.4.7 (GCC) 
configure:1648: $? = 0
configure:1650: gcc -V </dev/null >&5
gcc: '-V' option must have argument
configure:1653: $? = 1
configure:1676: checking for C compiler default output file name
configure:1679: gcc    conftest.c  >&5
configure:1682: $? = 0
configure:1728: result: a.out
configure:1733: checking whether the C compiler works
configure:1739: ./a.out
configure:1742: $? = 0
configure:1759: result: yes
configure:1766: checking whether we are cross compiling
configure:1768: result: no
configure:1771: checking for suffix of executables
configure:1773: gcc -o conftest    conftest.c  >&5
configure:1776: $? = 0
configure:1801: result: 
configure:1807: checking for suffix of object files
configure:1828: gcc -c   conftest.c >&5
configure:1831: $? = 0
configure:1853: result: o
configure:1857: checking whether we are using the GNU C compiler
configure:1881: gcc -c   conftest.c >&5
configure:1887: $? = 0
configure:1891: test -z 
			 || test ! -s conftest.err
configure:1894: $? = 0
configure:1897: test -s conftest.o
configure:1900: $? = 0
configure:1913: result: yes
configure:1919: checking whether gcc accepts -g
configure:1940: gcc -c -g  conftest.c >&5
configure:1946: $? = 0
configure:1950: test -z 
			 || test ! -s conftest.err
configure:1953: $? = 0
configure:1956: test -s conftest.o
configure:1959: $? = 0
configure:1970: result: yes
configure:1987: checking for gcc option to accept ANSI C
configure:2057: gcc  -c -g -O2  conftest.c >&5
configure:2063: $? = 0
configure:2067: test -z 
			 || test ! -s conftest.err
configure:2070: $? = 0
configure:2073: test -s conftest.o
configure:2076: $? = 0
configure:2094: result: none needed
configure:2112: gcc -c -g -O2  conftest.c >&5
conftest.c:2: error: expected '=', ',', ';', 'asm' or '__attribute__' before 'me'
configure:2118: $? = 1
configure: failed program was:
| #ifndef __cplusplus
|   choke me
| #endif
configure:2292: checking for ranlib
configure:2308: found /usr/pkg/bin/ranlib
configure:2319: result: ranlib
configure:2369: checking for a BSD-compatible install
configure:2424: result: /usr/bin/install -c
configure:2437: checking for ar
configure:2455: found /usr/pkg/bin/ar
configure:2467: result: /usr/pkg/bin/ar
configure:2478: checking for gawk
configure:2507: result: no
configure:2478: checking for mawk
configure:2507: result: no
configure:2478: checking for nawk
configure:2507: result: no
configure:2478: checking for awk
configure:2494: found /usr/bin/awk
configure:2504: result: awk
configure:2518: checking for bison
configure:2547: result: no
configure:2518: checking for byacc
configure:2547: result: no
configure:2572: checking for inline
configure:2593: gcc -c -g -O2  conftest.c >&5
configure:2599: $? = 0
configure:2603: test -z 
			 || test ! -s conftest.err
configure:2606: $? = 0
configure:2609: test -s conftest.o
configure:2612: $? = 0
configure:2624: result: inline
configure:2658: checking build system type
configure:2676: result: i686-pc-minix
configure:2684: checking host system type
configure:2698: result: i686-pc-minix
configure:2906: checking how to run the C preprocessor
configure:2941: gcc -E  conftest.c
configure:2947: $? = 0
configure:2979: gcc -E  conftest.c
conftest.c:9:28: error: ac_nonexistent.h: no such file or directory
configure:2985: $? = 1
configure: failed program was:
| /* confdefs.h.  */
| 
| #define PACKAGE_NAME "OpenNTPD"
| #define PACKAGE_TARNAME "openntpd"
| #define PACKAGE_VERSION "Portable"
| #define PACKAGE_STRING "OpenNTPD Portable"
| #define PACKAGE_BUGREPORT ""
| /* end confdefs.h.  */
| #include <ac_nonexistent.h>
configure:3024: result: gcc -E
configure:3048: gcc -E  conftest.c
configure:3054: $? = 0
configure:3086: gcc -E  conftest.c
conftest.c:9:28: error: ac_nonexistent.h: no such file or directory
configure:3092: $? = 1
configure: failed program was:
| /* confdefs.h.  */
| 
| #define PACKAGE_NAME "OpenNTPD"
| #define PACKAGE_TARNAME "openntpd"
| #define PACKAGE_VERSION "Portable"
| #define PACKAGE_STRING "OpenNTPD Portable"
| #define PACKAGE_BUGREPORT ""
| /* end confdefs.h.  */
| #include <ac_nonexistent.h>
configure:3136: checking for egrep
configure:3146: result: grep -E
configure:3151: checking for ANSI C header files
configure:3176: gcc -c -g -O2 -Wall -Wstrict-prototypes -Wmissing-prototypes -Wmissing-declarations -Wshadow -Wpointer-arith -Wcast-qual -Wsign-compare  conftest.c >&5
conftest.c:16: warning: function declaration isn't a prototype
configure:3182: $? = 0
configure:3186: test -z 
			 || test ! -s conftest.err
configure:3189: $? = 0
configure:3192: test -s conftest.o
configure:3195: $? = 0
configure:3284: gcc -o conftest -g -O2 -Wall -Wstrict-prototypes -Wmissing-prototypes -Wmissing-declarations -Wshadow -Wpointer-arith -Wcast-qual -Wsign-compare   conftest.c  >&5
conftest.c:21: warning: function declaration isn't a prototype
conftest.c: In function 'main':
conftest.c:26: warning: implicit declaration of function 'exit'
conftest.c:26: warning: incompatible implicit declaration of built-in function 'exit'
configure:3287: $? = 0
configure:3289: ./conftest
configure:3292: $? = 0
configure:3307: result: yes
configure:3331: checking for sys/types.h
configure:3347: gcc -c -g -O2 -Wall -Wstrict-prototypes -Wmissing-prototypes -Wmissing-declarations -Wshadow -Wpointer-arith -Wcast-qual -Wsign-compare  conftest.c >&5
configure:3353: $? = 0
configure:3357: test -z 
			 || test ! -s conftest.err
configure:3360: $? = 0
configure:3363: test -s conftest.o
configure:3366: $? = 0
configure:3377: result: yes
configure:3331: checking for sys/stat.h
configure:3347: gcc -c -g -O2 -Wall -Wstrict-prototypes -Wmissing-prototypes -Wmissing-declarations -Wshadow -Wpointer-arith -Wcast-qual -Wsign-compare  conftest.c >&5
configure:3353: $? = 0
configure:3357: test -z 
			 || test ! -s conftest.err
configure:3360: $? = 0
configure:3363: test -s conftest.o
configure:3366: $? = 0
configure:3377: result: yes
configure:3331: checking for stdlib.h
configure:3347: gcc -c -g -O2 -Wall -Wstrict-prototypes -Wmissing-prototypes -Wmissing-declarations -Wshadow -Wpointer-arith -Wcast-qual -Wsign-compare  conftest.c >&5
configure:3353: $? = 0
configure:3357: test -z 
			 || test ! -s conftest.err
configure:3360: $? = 0
configure:3363: test -s conftest.o
configure:3366: $? = 0
configure:3377: result: yes
configure:3331: checking for string.h
configure:3347: gcc -c -g -O2 -Wall -Wstrict-prototypes -Wmissing-prototypes -Wmissing-declarations -Wshadow -Wpointer-arith -Wcast-qual -Wsign-compare  conftest.c >&5
configure:3353: $? = 0
configure:3357: test -z 
			 || test ! -s conftest.err
configure:3360: $? = 0
configure:3363: test -s conftest.o
configure:3366: $? = 0
configure:3377: result: yes
configure:3331: checking for memory.h
configure:3347: gcc -c -g -O2 -Wall -Wstrict-prototypes -Wmissing-prototypes -Wmissing-declarations -Wshadow -Wpointer-arith -Wcast-qual -Wsign-compare  conftest.c >&5
configure:3353: $? = 0
configure:3357: test -z 
			 || test ! -s conftest.err
configure:3360: $? = 0
configure:3363: test -s conftest.o
configure:3366: $? = 0
configure:3377: result: yes
configure:3331: checking for strings.h
configure:3347: gcc -c -g -O2 -Wall -Wstrict-prototypes -Wmissing-prototypes -Wmissing-declarations -Wshadow -Wpointer-arith -Wcast-qual -Wsign-compare  conftest.c >&5
configure:3353: $? = 0
configure:3357: test -z 
			 || test ! -s conftest.err
configure:3360: $? = 0
configure:3363: test -s conftest.o
configure:3366: $? = 0
configure:3377: result: yes
configure:3331: checking for inttypes.h
configure:3347: gcc -c -g -O2 -Wall -Wstrict-prototypes -Wmissing-prototypes -Wmissing-declarations -Wshadow -Wpointer-arith -Wcast-qual -Wsign-compare  conftest.c >&5
configure:3353: $? = 0
configure:3357: test -z 
			 || test ! -s conftest.err
configure:3360: $? = 0
configure:3363: test -s conftest.o
configure:3366: $? = 0
configure:3377: result: yes
configure:3331: checking for stdint.h
configure:3347: gcc -c -g -O2 -Wall -Wstrict-prototypes -Wmissing-prototypes -Wmissing-declarations -Wshadow -Wpointer-arith -Wcast-qual -Wsign-compare  conftest.c >&5
configure:3353: $? = 0
configure:3357: test -z 
			 || test ! -s conftest.err
configure:3360: $? = 0
configure:3363: test -s conftest.o
configure:3366: $? = 0
configure:3377: result: yes
configure:3331: checking for unistd.h
configure:3347: gcc -c -g -O2 -Wall -Wstrict-prototypes -Wmissing-prototypes -Wmissing-declarations -Wshadow -Wpointer-arith -Wcast-qual -Wsign-compare  conftest.c >&5
configure:3353: $? = 0
configure:3357: test -z 
			 || test ! -s conftest.err
configure:3360: $? = 0
configure:3363: test -s conftest.o
configure:3366: $? = 0
configure:3377: result: yes
configure:3443: checking arpa/inet.h usability
configure:3455: gcc -c -g -O2 -Wall -Wstrict-prototypes -Wmissing-prototypes -Wmissing-declarations -Wshadow -Wpointer-arith -Wcast-qual -Wsign-compare  conftest.c >&5
configure:3461: $? = 0
configure:3465: test -z 
			 || test ! -s conftest.err
configure:3468: $? = 0
configure:3471: test -s conftest.o
configure:3474: $? = 0
configure:3484: result: yes
configure:3488: checking arpa/inet.h presence
configure:3498: gcc -E  conftest.c
configure:3504: $? = 0
configure:3524: result: yes
configure:3559: checking for arpa/inet.h
configure:3566: result: yes
configure:3443: checking arpa/nameser.h usability
configure:3455: gcc -c -g -O2 -Wall -Wstrict-prototypes -Wmissing-prototypes -Wmissing-declarations -Wshadow -Wpointer-arith -Wcast-qual -Wsign-compare  conftest.c >&5
configure:3461: $? = 0
configure:3465: test -z 
			 || test ! -s conftest.err
configure:3468: $? = 0
configure:3471: test -s conftest.o
configure:3474: $? = 0
configure:3484: result: yes
configure:3488: checking arpa/nameser.h presence
configure:3498: gcc -E  conftest.c
configure:3504: $? = 0
configure:3524: result: yes
configure:3559: checking for arpa/nameser.h
configure:3566: result: yes
configure:3443: checking ctype.h usability
configure:3455: gcc -c -g -O2 -Wall -Wstrict-prototypes -Wmissing-prototypes -Wmissing-declarations -Wshadow -Wpointer-arith -Wcast-qual -Wsign-compare  conftest.c >&5
configure:3461: $? = 0
configure:3465: test -z 
			 || test ! -s conftest.err
configure:3468: $? = 0
configure:3471: test -s conftest.o
configure:3474: $? = 0
configure:3484: result: yes
configure:3488: checking ctype.h presence
configure:3498: gcc -E  conftest.c
configure:3504: $? = 0
configure:3524: result: yes
configure:3559: checking for ctype.h
configure:3566: result: yes
configure:3443: checking err.h usability
configure:3455: gcc -c -g -O2 -Wall -Wstrict-prototypes -Wmissing-prototypes -Wmissing-declarations -Wshadow -Wpointer-arith -Wcast-qual -Wsign-compare  conftest.c >&5
configure:3461: $? = 0
configure:3465: test -z 
			 || test ! -s conftest.err
configure:3468: $? = 0
configure:3471: test -s conftest.o
configure:3474: $? = 0
configure:3484: result: yes
configure:3488: checking err.h presence
configure:3498: gcc -E  conftest.c
configure:3504: $? = 0
configure:3524: result: yes
configure:3559: checking for err.h
configure:3566: result: yes
configure:3443: checking ifaddrs.h usability
configure:3455: gcc -c -g -O2 -Wall -Wstrict-prototypes -Wmissing-prototypes -Wmissing-declarations -Wshadow -Wpointer-arith -Wcast-qual -Wsign-compare  conftest.c >&5
configure:3461: $? = 0
configure:3465: test -z 
			 || test ! -s conftest.err
configure:3468: $? = 0
configure:3471: test -s conftest.o
configure:3474: $? = 0
configure:3484: result: yes
configure:3488: checking ifaddrs.h presence
configure:3498: gcc -E  conftest.c
configure:3504: $? = 0
configure:3524: result: yes
configure:3559: checking for ifaddrs.h
configure:3566: result: yes
configure:3443: checking netdb.h usability
configure:3455: gcc -c -g -O2 -Wall -Wstrict-prototypes -Wmissing-prototypes -Wmissing-declarations -Wshadow -Wpointer-arith -Wcast-qual -Wsign-compare  conftest.c >&5
configure:3461: $? = 0
configure:3465: test -z 
			 || test ! -s conftest.err
configure:3468: $? = 0
configure:3471: test -s conftest.o
configure:3474: $? = 0
configure:3484: result: yes
configure:3488: checking netdb.h presence
configure:3498: gcc -E  conftest.c
configure:3504: $? = 0
configure:3524: result: yes
configure:3559: checking for netdb.h
configure:3566: result: yes
configure:3443: checking paths.h usability
configure:3455: gcc -c -g -O2 -Wall -Wstrict-prototypes -Wmissing-prototypes -Wmissing-declarations -Wshadow -Wpointer-arith -Wcast-qual -Wsign-compare  conftest.c >&5
configure:3461: $? = 0
configure:3465: test -z 
			 || test ! -s conftest.err
configure:3468: $? = 0
configure:3471: test -s conftest.o
configure:3474: $? = 0
configure:3484: result: yes
configure:3488: checking paths.h presence
configure:3498: gcc -E  conftest.c
configure:3504: $? = 0
configure:3524: result: yes
configure:3559: checking for paths.h
configure:3566: result: yes
configure:3443: checking poll.h usability
configure:3455: gcc -c -g -O2 -Wall -Wstrict-prototypes -Wmissing-prototypes -Wmissing-declarations -Wshadow -Wpointer-arith -Wcast-qual -Wsign-compare  conftest.c >&5
configure:3461: $? = 0
configure:3465: test -z 
			 || test ! -s conftest.err
configure:3468: $? = 0
configure:3471: test -s conftest.o
configure:3474: $? = 0
configure:3484: result: yes
configure:3488: checking poll.h presence
configure:3498: gcc -E  conftest.c
configure:3504: $? = 0
configure:3524: result: yes
configure:3559: checking for poll.h
configure:3566: result: yes
configure:3443: checking stdarg.h usability
configure:3455: gcc -c -g -O2 -Wall -Wstrict-prototypes -Wmissing-prototypes -Wmissing-declarations -Wshadow -Wpointer-arith -Wcast-qual -Wsign-compare  conftest.c >&5
configure:3461: $? = 0
configure:3465: test -z 
			 || test ! -s conftest.err
configure:3468: $? = 0
configure:3471: test -s conftest.o
configure:3474: $? = 0
configure:3484: result: yes
configure:3488: checking stdarg.h presence
configure:3498: gcc -E  conftest.c
configure:3504: $? = 0
configure:3524: result: yes
configure:3559: checking for stdarg.h
configure:3566: result: yes
configure:3443: checking sys/bitypes.h usability
configure:3455: gcc -c -g -O2 -Wall -Wstrict-prototypes -Wmissing-prototypes -Wmissing-declarations -Wshadow -Wpointer-arith -Wcast-qual -Wsign-compare  conftest.c >&5
conftest.c:62:25: error: sys/bitypes.h: no such file or directory
configure:3461: $? = 1
configure: failed program was:
| /* confdefs.h.  */
| 
| #define PACKAGE_NAME "OpenNTPD"
| #define PACKAGE_TARNAME "openntpd"
| #define PACKAGE_VERSION "Portable"
| #define PACKAGE_STRING "OpenNTPD Portable"
| #define PACKAGE_BUGREPORT ""
| #define STDC_HEADERS 1
| #define HAVE_SYS_TYPES_H 1
| #define HAVE_SYS_STAT_H 1
| #define HAVE_STDLIB_H 1
| #define HAVE_STRING_H 1
| #define HAVE_MEMORY_H 1
| #define HAVE_STRINGS_H 1
| #define HAVE_INTTYPES_H 1
| #define HAVE_STDINT_H 1
| #define HAVE_UNISTD_H 1
| #define HAVE_ARPA_INET_H 1
| #define HAVE_ARPA_NAMESER_H 1
| #define HAVE_CTYPE_H 1
| #define HAVE_ERR_H 1
| #define HAVE_IFADDRS_H 1
| #define HAVE_NETDB_H 1
| #define HAVE_PATHS_H 1
| #define HAVE_POLL_H 1
| #define HAVE_STDARG_H 1
| /* end confdefs.h.  */
| #include <stdio.h>
| #if HAVE_SYS_TYPES_H
| # include <sys/types.h>
| #endif
| #if HAVE_SYS_STAT_H
| # include <sys/stat.h>
| #endif
| #if STDC_HEADERS
| # include <stdlib.h>
| # include <stddef.h>
| #else
| # if HAVE_STDLIB_H
| #  include <stdlib.h>
| # endif
| #endif
| #if HAVE_STRING_H
| # if !STDC_HEADERS && HAVE_MEMORY_H
| #  include <memory.h>
| # endif
| # include <string.h>
| #endif
| #if HAVE_STRINGS_H
| # include <strings.h>
| #endif
| #if HAVE_INTTYPES_H
| # include <inttypes.h>
| #else
| # if HAVE_STDINT_H
| #  include <stdint.h>
| # endif
| #endif
| #if HAVE_UNISTD_H
| # include <unistd.h>
| #endif
| #include <sys/bitypes.h>
configure:3484: result: no
configure:3488: checking sys/bitypes.h presence
configure:3498: gcc -E  conftest.c
conftest.c:28:25: error: sys/bitypes.h: no such file or directory
configure:3504: $? = 1
configure: failed program was:
| /* confdefs.h.  */
| 
| #define PACKAGE_NAME "OpenNTPD"
| #define PACKAGE_TARNAME "openntpd"
| #define PACKAGE_VERSION "Portable"
| #define PACKAGE_STRING "OpenNTPD Portable"
| #define PACKAGE_BUGREPORT ""
| #define STDC_HEADERS 1
| #define HAVE_SYS_TYPES_H 1
| #define HAVE_SYS_STAT_H 1
| #define HAVE_STDLIB_H 1
| #define HAVE_STRING_H 1
| #define HAVE_MEMORY_H 1
| #define HAVE_STRINGS_H 1
| #define HAVE_INTTYPES_H 1
| #define HAVE_STDINT_H 1
| #define HAVE_UNISTD_H 1
| #define HAVE_ARPA_INET_H 1
| #define HAVE_ARPA_NAMESER_H 1
| #define HAVE_CTYPE_H 1
| #define HAVE_ERR_H 1
| #define HAVE_IFADDRS_H 1
| #define HAVE_NETDB_H 1
| #define HAVE_PATHS_H 1
| #define HAVE_POLL_H 1
| #define HAVE_STDARG_H 1
| /* end confdefs.h.  */
| #include <sys/bitypes.h>
configure:3524: result: no
configure:3559: checking for sys/bitypes.h
configure:3566: result: no
configure:3443: checking sys/fcntl.h usability
configure:3455: gcc -c -g -O2 -Wall -Wstrict-prototypes -Wmissing-prototypes -Wmissing-declarations -Wshadow -Wpointer-arith -Wcast-qual -Wsign-compare  conftest.c >&5
configure:3461: $? = 0
configure:3465: test -z 
			 || test ! -s conftest.err
configure:3468: $? = 0
configure:3471: test -s conftest.o
configure:3474: $? = 0
configure:3484: result: yes
configure:3488: checking sys/fcntl.h presence
configure:3498: gcc -E  conftest.c
configure:3504: $? = 0
configure:3524: result: yes
configure:3559: checking for sys/fcntl.h
configure:3566: result: yes
configure:3443: checking sys/queue.h usability
configure:3455: gcc -c -g -O2 -Wall -Wstrict-prototypes -Wmissing-prototypes -Wmissing-declarations -Wshadow -Wpointer-arith -Wcast-qual -Wsign-compare  conftest.c >&5
configure:3461: $? = 0
configure:3465: test -z 
			 || test ! -s conftest.err
configure:3468: $? = 0
configure:3471: test -s conftest.o
configure:3474: $? = 0
configure:3484: result: yes
configure:3488: checking sys/queue.h presence
configure:3498: gcc -E  conftest.c
configure:3504: $? = 0
configure:3524: result: yes
configure:3559: checking for sys/queue.h
configure:3566: result: yes
configure:3443: checking sys/select.h usability
configure:3455: gcc -c -g -O2 -Wall -Wstrict-prototypes -Wmissing-prototypes -Wmissing-declarations -Wshadow -Wpointer-arith -Wcast-qual -Wsign-compare  conftest.c >&5
configure:3461: $? = 0
configure:3465: test -z 
			 || test ! -s conftest.err
configure:3468: $? = 0
configure:3471: test -s conftest.o
configure:3474: $? = 0
configure:3484: result: yes
configure:3488: checking sys/select.h presence
configure:3498: gcc -E  conftest.c
configure:3504: $? = 0
configure:3524: result: yes
configure:3559: checking for sys/select.h
configure:3566: result: yes
configure:3443: checking sys/socket.h usability
configure:3455: gcc -c -g -O2 -Wall -Wstrict-prototypes -Wmissing-prototypes -Wmissing-declarations -Wshadow -Wpointer-arith -Wcast-qual -Wsign-compare  conftest.c >&5
configure:3461: $? = 0
configure:3465: test -z 
			 || test ! -s conftest.err
configure:3468: $? = 0
configure:3471: test -s conftest.o
configure:3474: $? = 0
configure:3484: result: yes
configure:3488: checking sys/socket.h presence
configure:3498: gcc -E  conftest.c
configure:3504: $? = 0
configure:3524: result: yes
configure:3559: checking for sys/socket.h
configure:3566: result: yes
configure:3443: checking sys/sockio.h usability
configure:3455: gcc -c -g -O2 -Wall -Wstrict-prototypes -Wmissing-prototypes -Wmissing-declarations -Wshadow -Wpointer-arith -Wcast-qual -Wsign-compare  conftest.c >&5
conftest.c:66:24: error: sys/sockio.h: no such file or directory
configure:3461: $? = 1
configure: failed program was:
| /* confdefs.h.  */
| 
| #define PACKAGE_NAME "OpenNTPD"
| #define PACKAGE_TARNAME "openntpd"
| #define PACKAGE_VERSION "Portable"
| #define PACKAGE_STRING "OpenNTPD Portable"
| #define PACKAGE_BUGREPORT ""
| #define STDC_HEADERS 1
| #define HAVE_SYS_TYPES_H 1
| #define HAVE_SYS_STAT_H 1
| #define HAVE_STDLIB_H 1
| #define HAVE_STRING_H 1
| #define HAVE_MEMORY_H 1
| #define HAVE_STRINGS_H 1
| #define HAVE_INTTYPES_H 1
| #define HAVE_STDINT_H 1
| #define HAVE_UNISTD_H 1
| #define HAVE_ARPA_INET_H 1
| #define HAVE_ARPA_NAMESER_H 1
| #define HAVE_CTYPE_H 1
| #define HAVE_ERR_H 1
| #define HAVE_IFADDRS_H 1
| #define HAVE_NETDB_H 1
| #define HAVE_PATHS_H 1
| #define HAVE_POLL_H 1
| #define HAVE_STDARG_H 1
| #define HAVE_SYS_FCNTL_H 1
| #define HAVE_SYS_QUEUE_H 1
| #define HAVE_SYS_SELECT_H 1
| #define HAVE_SYS_SOCKET_H 1
| /* end confdefs.h.  */
| #include <stdio.h>
| #if HAVE_SYS_TYPES_H
| # include <sys/types.h>
| #endif
| #if HAVE_SYS_STAT_H
| # include <sys/stat.h>
| #endif
| #if STDC_HEADERS
| # include <stdlib.h>
| # include <stddef.h>
| #else
| # if HAVE_STDLIB_H
| #  include <stdlib.h>
| # endif
| #endif
| #if HAVE_STRING_H
| # if !STDC_HEADERS && HAVE_MEMORY_H
| #  include <memory.h>
| # endif
| # include <string.h>
| #endif
| #if HAVE_STRINGS_H
| # include <strings.h>
| #endif
| #if HAVE_INTTYPES_H
| # include <inttypes.h>
| #else
| # if HAVE_STDINT_H
| #  include <stdint.h>
| # endif
| #endif
| #if HAVE_UNISTD_H
| # include <unistd.h>
| #endif
| #include <sys/sockio.h>
configure:3484: result: no
configure:3488: checking sys/sockio.h presence
configure:3498: gcc -E  conftest.c
conftest.c:32:24: error: sys/sockio.h: no such file or directory
configure:3504: $? = 1
configure: failed program was:
| /* confdefs.h.  */
| 
| #define PACKAGE_NAME "OpenNTPD"
| #define PACKAGE_TARNAME "openntpd"
| #define PACKAGE_VERSION "Portable"
| #define PACKAGE_STRING "OpenNTPD Portable"
| #define PACKAGE_BUGREPORT ""
| #define STDC_HEADERS 1
| #define HAVE_SYS_TYPES_H 1
| #define HAVE_SYS_STAT_H 1
| #define HAVE_STDLIB_H 1
| #define HAVE_STRING_H 1
| #define HAVE_MEMORY_H 1
| #define HAVE_STRINGS_H 1
| #define HAVE_INTTYPES_H 1
| #define HAVE_STDINT_H 1
| #define HAVE_UNISTD_H 1
| #define HAVE_ARPA_INET_H 1
| #define HAVE_ARPA_NAMESER_H 1
| #define HAVE_CTYPE_H 1
| #define HAVE_ERR_H 1
| #define HAVE_IFADDRS_H 1
| #define HAVE_NETDB_H 1
| #define HAVE_PATHS_H 1
| #define HAVE_POLL_H 1
| #define HAVE_STDARG_H 1
| #define HAVE_SYS_FCNTL_H 1
| #define HAVE_SYS_QUEUE_H 1
| #define HAVE_SYS_SELECT_H 1
| #define HAVE_SYS_SOCKET_H 1
| /* end confdefs.h.  */
| #include <sys/sockio.h>
configure:3524: result: no
configure:3559: checking for sys/sockio.h
configure:3566: result: no
configure:3443: checking sys/time.h usability
configure:3455: gcc -c -g -O2 -Wall -Wstrict-prototypes -Wmissing-prototypes -Wmissing-declarations -Wshadow -Wpointer-arith -Wcast-qual -Wsign-compare  conftest.c >&5
configure:3461: $? = 0
configure:3465: test -z 
			 || test ! -s conftest.err
configure:3468: $? = 0
configure:3471: test -s conftest.o
configure:3474: $? = 0
configure:3484: result: yes
configure:3488: checking sys/time.h presence
configure:3498: gcc -E  conftest.c
configure:3504: $? = 0
configure:3524: result: yes
configure:3559: checking for sys/time.h
configure:3566: result: yes
configure:3443: checking sys/timers.h usability
configure:3455: gcc -c -g -O2 -Wall -Wstrict-prototypes -Wmissing-prototypes -Wmissing-declarations -Wshadow -Wpointer-arith -Wcast-qual -Wsign-compare  conftest.c >&5
conftest.c:67:24: error: sys/timers.h: no such file or directory
configure:3461: $? = 1
configure: failed program was:
| /* confdefs.h.  */
| 
| #define PACKAGE_NAME "OpenNTPD"
| #define PACKAGE_TARNAME "openntpd"
| #define PACKAGE_VERSION "Portable"
| #define PACKAGE_STRING "OpenNTPD Portable"
| #define PACKAGE_BUGREPORT ""
| #define STDC_HEADERS 1
| #define HAVE_SYS_TYPES_H 1
| #define HAVE_SYS_STAT_H 1
| #define HAVE_STDLIB_H 1
| #define HAVE_STRING_H 1
| #define HAVE_MEMORY_H 1
| #define HAVE_STRINGS_H 1
| #define HAVE_INTTYPES_H 1
| #define HAVE_STDINT_H 1
| #define HAVE_UNISTD_H 1
| #define HAVE_ARPA_INET_H 1
| #define HAVE_ARPA_NAMESER_H 1
| #define HAVE_CTYPE_H 1
| #define HAVE_ERR_H 1
| #define HAVE_IFADDRS_H 1
| #define HAVE_NETDB_H 1
| #define HAVE_PATHS_H 1
| #define HAVE_POLL_H 1
| #define HAVE_STDARG_H 1
| #define HAVE_SYS_FCNTL_H 1
| #define HAVE_SYS_QUEUE_H 1
| #define HAVE_SYS_SELECT_H 1
| #define HAVE_SYS_SOCKET_H 1
| #define HAVE_SYS_TIME_H 1
| /* end confdefs.h.  */
| #include <stdio.h>
| #if HAVE_SYS_TYPES_H
| # include <sys/types.h>
| #endif
| #if HAVE_SYS_STAT_H
| # include <sys/stat.h>
| #endif
| #if STDC_HEADERS
| # include <stdlib.h>
| # include <stddef.h>
| #else
| # if HAVE_STDLIB_H
| #  include <stdlib.h>
| # endif
| #endif
| #if HAVE_STRING_H
| # if !STDC_HEADERS && HAVE_MEMORY_H
| #  include <memory.h>
| # endif
| # include <string.h>
| #endif
| #if HAVE_STRINGS_H
| # include <strings.h>
| #endif
| #if HAVE_INTTYPES_H
| # include <inttypes.h>
| #else
| # if HAVE_STDINT_H
| #  include <stdint.h>
| # endif
| #endif
| #if HAVE_UNISTD_H
| # include <unistd.h>
| #endif
| #include <sys/timers.h>
configure:3484: result: no
configure:3488: checking sys/timers.h presence
configure:3498: gcc -E  conftest.c
conftest.c:33:24: error: sys/timers.h: no such file or directory
configure:3504: $? = 1
configure: failed program was:
| /* confdefs.h.  */
| 
| #define PACKAGE_NAME "OpenNTPD"
| #define PACKAGE_TARNAME "openntpd"
| #define PACKAGE_VERSION "Portable"
| #define PACKAGE_STRING "OpenNTPD Portable"
| #define PACKAGE_BUGREPORT ""
| #define STDC_HEADERS 1
| #define HAVE_SYS_TYPES_H 1
| #define HAVE_SYS_STAT_H 1
| #define HAVE_STDLIB_H 1
| #define HAVE_STRING_H 1
| #define HAVE_MEMORY_H 1
| #define HAVE_STRINGS_H 1
| #define HAVE_INTTYPES_H 1
| #define HAVE_STDINT_H 1
| #define HAVE_UNISTD_H 1
| #define HAVE_ARPA_INET_H 1
| #define HAVE_ARPA_NAMESER_H 1
| #define HAVE_CTYPE_H 1
| #define HAVE_ERR_H 1
| #define HAVE_IFADDRS_H 1
| #define HAVE_NETDB_H 1
| #define HAVE_PATHS_H 1
| #define HAVE_POLL_H 1
| #define HAVE_STDARG_H 1
| #define HAVE_SYS_FCNTL_H 1
| #define HAVE_SYS_QUEUE_H 1
| #define HAVE_SYS_SELECT_H 1
| #define HAVE_SYS_SOCKET_H 1
| #define HAVE_SYS_TIME_H 1
| /* end confdefs.h.  */
| #include <sys/timers.h>
configure:3524: result: no
configure:3559: checking for sys/timers.h
configure:3566: result: no
configure:3443: checking sys/timex.h usability
configure:3455: gcc -c -g -O2 -Wall -Wstrict-prototypes -Wmissing-prototypes -Wmissing-declarations -Wshadow -Wpointer-arith -Wcast-qual -Wsign-compare  conftest.c >&5
conftest.c:67:23: error: sys/timex.h: no such file or directory
configure:3461: $? = 1
configure: failed program was:
| /* confdefs.h.  */
| 
| #define PACKAGE_NAME "OpenNTPD"
| #define PACKAGE_TARNAME "openntpd"
| #define PACKAGE_VERSION "Portable"
| #define PACKAGE_STRING "OpenNTPD Portable"
| #define PACKAGE_BUGREPORT ""
| #define STDC_HEADERS 1
| #define HAVE_SYS_TYPES_H 1
| #define HAVE_SYS_STAT_H 1
| #define HAVE_STDLIB_H 1
| #define HAVE_STRING_H 1
| #define HAVE_MEMORY_H 1
| #define HAVE_STRINGS_H 1
| #define HAVE_INTTYPES_H 1
| #define HAVE_STDINT_H 1
| #define HAVE_UNISTD_H 1
| #define HAVE_ARPA_INET_H 1
| #define HAVE_ARPA_NAMESER_H 1
| #define HAVE_CTYPE_H 1
| #define HAVE_ERR_H 1
| #define HAVE_IFADDRS_H 1
| #define HAVE_NETDB_H 1
| #define HAVE_PATHS_H 1
| #define HAVE_POLL_H 1
| #define HAVE_STDARG_H 1
| #define HAVE_SYS_FCNTL_H 1
| #define HAVE_SYS_QUEUE_H 1
| #define HAVE_SYS_SELECT_H 1
| #define HAVE_SYS_SOCKET_H 1
| #define HAVE_SYS_TIME_H 1
| /* end confdefs.h.  */
| #include <stdio.h>
| #if HAVE_SYS_TYPES_H
| # include <sys/types.h>
| #endif
| #if HAVE_SYS_STAT_H
| # include <sys/stat.h>
| #endif
| #if STDC_HEADERS
| # include <stdlib.h>
| # include <stddef.h>
| #else
| # if HAVE_STDLIB_H
| #  include <stdlib.h>
| # endif
| #endif
| #if HAVE_STRING_H
| # if !STDC_HEADERS && HAVE_MEMORY_H
| #  include <memory.h>
| # endif
| # include <string.h>
| #endif
| #if HAVE_STRINGS_H
| # include <strings.h>
| #endif
| #if HAVE_INTTYPES_H
| # include <inttypes.h>
| #else
| # if HAVE_STDINT_H
| #  include <stdint.h>
| # endif
| #endif
| #if HAVE_UNISTD_H
| # include <unistd.h>
| #endif
| #include <sys/timex.h>
configure:3484: result: no
configure:3488: checking sys/timex.h presence
configure:3498: gcc -E  conftest.c
conftest.c:33:23: error: sys/timex.h: no such file or directory
configure:3504: $? = 1
configure: failed program was:
| /* confdefs.h.  */
| 
| #define PACKAGE_NAME "OpenNTPD"
| #define PACKAGE_TARNAME "openntpd"
| #define PACKAGE_VERSION "Portable"
| #define PACKAGE_STRING "OpenNTPD Portable"
| #define PACKAGE_BUGREPORT ""
| #define STDC_HEADERS 1
| #define HAVE_SYS_TYPES_H 1
| #define HAVE_SYS_STAT_H 1
| #define HAVE_STDLIB_H 1
| #define HAVE_STRING_H 1
| #define HAVE_MEMORY_H 1
| #define HAVE_STRINGS_H 1
| #define HAVE_INTTYPES_H 1
| #define HAVE_STDINT_H 1
| #define HAVE_UNISTD_H 1
| #define HAVE_ARPA_INET_H 1
| #define HAVE_ARPA_NAMESER_H 1
| #define HAVE_CTYPE_H 1
| #define HAVE_ERR_H 1
| #define HAVE_IFADDRS_H 1
| #define HAVE_NETDB_H 1
| #define HAVE_PATHS_H 1
| #define HAVE_POLL_H 1
| #define HAVE_STDARG_H 1
| #define HAVE_SYS_FCNTL_H 1
| #define HAVE_SYS_QUEUE_H 1
| #define HAVE_SYS_SELECT_H 1
| #define HAVE_SYS_SOCKET_H 1
| #define HAVE_SYS_TIME_H 1
| /* end confdefs.h.  */
| #include <sys/timex.h>
configure:3524: result: no
configure:3559: checking for sys/timex.h
configure:3566: result: no
configure:3434: checking for sys/types.h
configure:3439: result: yes
configure:3443: checking syslog.h usability
configure:3455: gcc -c -g -O2 -Wall -Wstrict-prototypes -Wmissing-prototypes -Wmissing-declarations -Wshadow -Wpointer-arith -Wcast-qual -Wsign-compare  conftest.c >&5
configure:3461: $? = 0
configure:3465: test -z 
			 || test ! -s conftest.err
configure:3468: $? = 0
configure:3471: test -s conftest.o
configure:3474: $? = 0
configure:3484: result: yes
configure:3488: checking syslog.h presence
configure:3498: gcc -E  conftest.c
configure:3504: $? = 0
configure:3524: result: yes
configure:3559: checking for syslog.h
configure:3566: result: yes
configure:3580: checking whether asprintf is declared
configure:3604: gcc -c -g -O2 -Wall -Wstrict-prototypes -Wmissing-prototypes -Wmissing-declarations -Wshadow -Wpointer-arith -Wcast-qual -Wsign-compare  conftest.c >&5
conftest.c:71: warning: function declaration isn't a prototype
conftest.c: In function 'main':
conftest.c:73: warning: unused variable 'p'
configure:3610: $? = 0
configure:3614: test -z 
			 || test ! -s conftest.err
configure:3617: $? = 0
configure:3620: test -s conftest.o
configure:3623: $? = 0
configure:3634: result: yes
configure:3733: checking for socketpair
configure:3790: gcc -o conftest -g -O2 -Wall -Wstrict-prototypes -Wmissing-prototypes -Wmissing-declarations -Wshadow -Wpointer-arith -Wcast-qual -Wsign-compare   conftest.c  >&5
conftest.c:60: warning: function declaration isn't a prototype
conftest.c:67: warning: function declaration isn't a prototype
conftest.c:75: warning: function declaration isn't a prototype
configure:3796: $? = 0
configure:3800: test -z 
			 || test ! -s conftest.err
configure:3803: $? = 0
configure:3806: test -s conftest
configure:3809: $? = 0
configure:3821: result: yes
configure:3983: checking for adjtime
configure:4040: gcc -o conftest -g -O2 -Wall -Wstrict-prototypes -Wmissing-prototypes -Wmissing-declarations -Wshadow -Wpointer-arith -Wcast-qual -Wsign-compare   conftest.c  >&5
conftest.c:61: warning: function declaration isn't a prototype
conftest.c:68: warning: function declaration isn't a prototype
conftest.c:76: warning: function declaration isn't a prototype
configure:4046: $? = 0
configure:4050: test -z 
			 || test ! -s conftest.err
configure:4053: $? = 0
configure:4056: test -s conftest
configure:4059: $? = 0
configure:4071: result: yes
configure:3983: checking for adjtimex
configure:4040: gcc -o conftest -g -O2 -Wall -Wstrict-prototypes -Wmissing-prototypes -Wmissing-declarations -Wshadow -Wpointer-arith -Wcast-qual -Wsign-compare   conftest.c  >&5
conftest.c:62: warning: function declaration isn't a prototype
conftest.c:69: warning: function declaration isn't a prototype
conftest.c:77: warning: function declaration isn't a prototype
/var/tmp//ccKPaWhD.o: In function `main':
/usr/src/external/bsd/openntpd/dist/conftest.c:77: undefined reference to `adjtimex'
/var/tmp//ccKPaWhD.o:(.data+0x0): undefined reference to `adjtimex'
collect2: ld returned 1 exit status
configure:4046: $? = 1
configure: failed program was:
| /* confdefs.h.  */
| 
| #define PACKAGE_NAME "OpenNTPD"
| #define PACKAGE_TARNAME "openntpd"
| #define PACKAGE_VERSION "Portable"
| #define PACKAGE_STRING "OpenNTPD Portable"
| #define PACKAGE_BUGREPORT ""
| #define STDC_HEADERS 1
| #define HAVE_SYS_TYPES_H 1
| #define HAVE_SYS_STAT_H 1
| #define HAVE_STDLIB_H 1
| #define HAVE_STRING_H 1
| #define HAVE_MEMORY_H 1
| #define HAVE_STRINGS_H 1
| #define HAVE_INTTYPES_H 1
| #define HAVE_STDINT_H 1
| #define HAVE_UNISTD_H 1
| #define HAVE_ARPA_INET_H 1
| #define HAVE_ARPA_NAMESER_H 1
| #define HAVE_CTYPE_H 1
| #define HAVE_ERR_H 1
| #define HAVE_IFADDRS_H 1
| #define HAVE_NETDB_H 1
| #define HAVE_PATHS_H 1
| #define HAVE_POLL_H 1
| #define HAVE_STDARG_H 1
| #define HAVE_SYS_FCNTL_H 1
| #define HAVE_SYS_QUEUE_H 1
| #define HAVE_SYS_SELECT_H 1
| #define HAVE_SYS_SOCKET_H 1
| #define HAVE_SYS_TIME_H 1
| #define HAVE_SYS_TYPES_H 1
| #define HAVE_SYSLOG_H 1
| #define HAVE_DECL_ASPRINTF 1
| #define HAVE_SOCKETPAIR 1
| #define HAVE_ADJTIME 1
| /* end confdefs.h.  */
| /* Define adjtimex to an innocuous variant, in case <limits.h> declares adjtimex.
|    For example, HP-UX 11i <limits.h> declares gettimeofday.  */
| #define adjtimex innocuous_adjtimex
| 
| /* System header to define __stub macros and hopefully few prototypes,
|     which can conflict with char adjtimex (); below.
|     Prefer <limits.h> to <assert.h> if __STDC__ is defined, since
|     <limits.h> exists even on freestanding compilers.  */
| 
| #ifdef __STDC__
| # include <limits.h>
| #else
| # include <assert.h>
| #endif
| 
| #undef adjtimex
| 
| /* Override any gcc2 internal prototype to avoid an error.  */
| #ifdef __cplusplus
| extern "C"
| {
| #endif
| /* We use char because int might match the return type of a gcc2
|    builtin and then its argument prototype would still apply.  */
| char adjtimex ();
| /* The GNU C library defines this for functions which it implements
|     to always fail with ENOSYS.  Some functions are actually named
|     something starting with __ and the normal name is an alias.  */
| #if defined (__stub_adjtimex) || defined (__stub___adjtimex)
| choke me
| #else
| char (*f) () = adjtimex;
| #endif
| #ifdef __cplusplus
| }
| #endif
| 
| int
| main ()
| {
| return f != adjtimex;
|   ;
|   return 0;
| }
configure:4071: result: no
configure:3983: checking for arc4random
configure:4040: gcc -o conftest -g -O2 -Wall -Wstrict-prototypes -Wmissing-prototypes -Wmissing-declarations -Wshadow -Wpointer-arith -Wcast-qual -Wsign-compare   conftest.c  >&5
conftest.c:62: warning: function declaration isn't a prototype
conftest.c:69: warning: function declaration isn't a prototype
conftest.c:77: warning: function declaration isn't a prototype
configure:4046: $? = 0
configure:4050: test -z 
			 || test ! -s conftest.err
configure:4053: $? = 0
configure:4056: test -s conftest
configure:4059: $? = 0
configure:4071: result: yes
configure:3983: checking for asprintf
configure:4040: gcc -o conftest -g -O2 -Wall -Wstrict-prototypes -Wmissing-prototypes -Wmissing-declarations -Wshadow -Wpointer-arith -Wcast-qual -Wsign-compare   conftest.c  >&5
conftest.c:63: warning: function declaration isn't a prototype
conftest.c:70: warning: function declaration isn't a prototype
conftest.c:78: warning: function declaration isn't a prototype
configure:4046: $? = 0
configure:4050: test -z 
			 || test ! -s conftest.err
configure:4053: $? = 0
configure:4056: test -s conftest
configure:4059: $? = 0
configure:4071: result: yes
configure:3983: checking for bzero
configure:4040: gcc -o conftest -g -O2 -Wall -Wstrict-prototypes -Wmissing-prototypes -Wmissing-declarations -Wshadow -Wpointer-arith -Wcast-qual -Wsign-compare   conftest.c  >&5
conftest.c:64: warning: function declaration isn't a prototype
conftest.c:64: warning: conflicting types for built-in function 'bzero'
conftest.c:71: warning: function declaration isn't a prototype
conftest.c:79: warning: function declaration isn't a prototype
configure:4046: $? = 0
configure:4050: test -z 
			 || test ! -s conftest.err
configure:4053: $? = 0
configure:4056: test -s conftest
configure:4059: $? = 0
configure:4071: result: yes
configure:3983: checking for clock_getres
configure:4040: gcc -o conftest -g -O2 -Wall -Wstrict-prototypes -Wmissing-prototypes -Wmissing-declarations -Wshadow -Wpointer-arith -Wcast-qual -Wsign-compare   conftest.c  >&5
conftest.c:65: warning: function declaration isn't a prototype
conftest.c:72: warning: function declaration isn't a prototype
conftest.c:80: warning: function declaration isn't a prototype
configure:4046: $? = 0
configure:4050: test -z 
			 || test ! -s conftest.err
configure:4053: $? = 0
configure:4056: test -s conftest
configure:4059: $? = 0
configure:4071: result: yes
configure:3983: checking for daemon
configure:4040: gcc -o conftest -g -O2 -Wall -Wstrict-prototypes -Wmissing-prototypes -Wmissing-declarations -Wshadow -Wpointer-arith -Wcast-qual -Wsign-compare   conftest.c  >&5
conftest.c:66: warning: function declaration isn't a prototype
conftest.c:73: warning: function declaration isn't a prototype
conftest.c:81: warning: function declaration isn't a prototype
configure:4046: $? = 0
configure:4050: test -z 
			 || test ! -s conftest.err
configure:4053: $? = 0
configure:4056: test -s conftest
configure:4059: $? = 0
configure:4071: result: yes
configure:3983: checking for errx
configure:4040: gcc -o conftest -g -O2 -Wall -Wstrict-prototypes -Wmissing-prototypes -Wmissing-declarations -Wshadow -Wpointer-arith -Wcast-qual -Wsign-compare   conftest.c  >&5
conftest.c:67: warning: function declaration isn't a prototype
conftest.c:74: warning: function declaration isn't a prototype
conftest.c:82: warning: function declaration isn't a prototype
configure:4046: $? = 0
configure:4050: test -z 
			 || test ! -s conftest.err
configure:4053: $? = 0
configure:4056: test -s conftest
configure:4059: $? = 0
configure:4071: result: yes
configure:3983: checking for getifaddrs
configure:4040: gcc -o conftest -g -O2 -Wall -Wstrict-prototypes -Wmissing-prototypes -Wmissing-declarations -Wshadow -Wpointer-arith -Wcast-qual -Wsign-compare   conftest.c  >&5
conftest.c:68: warning: function declaration isn't a prototype
conftest.c:75: warning: function declaration isn't a prototype
conftest.c:83: warning: function declaration isn't a prototype
configure:4046: $? = 0
configure:4050: test -z 
			 || test ! -s conftest.err
configure:4053: $? = 0
configure:4056: test -s conftest
configure:4059: $? = 0
configure:4071: result: yes
configure:3983: checking for inet_pton
configure:4040: gcc -o conftest -g -O2 -Wall -Wstrict-prototypes -Wmissing-prototypes -Wmissing-declarations -Wshadow -Wpointer-arith -Wcast-qual -Wsign-compare   conftest.c  >&5
conftest.c:69: warning: function declaration isn't a prototype
conftest.c:76: warning: function declaration isn't a prototype
conftest.c:84: warning: function declaration isn't a prototype
configure:4046: $? = 0
configure:4050: test -z 
			 || test ! -s conftest.err
configure:4053: $? = 0
configure:4056: test -s conftest
configure:4059: $? = 0
configure:4071: result: yes
configure:3983: checking for poll
configure:4040: gcc -o conftest -g -O2 -Wall -Wstrict-prototypes -Wmissing-prototypes -Wmissing-declarations -Wshadow -Wpointer-arith -Wcast-qual -Wsign-compare   conftest.c  >&5
conftest.c:70: warning: function declaration isn't a prototype
conftest.c:77: warning: function declaration isn't a prototype
conftest.c:85: warning: function declaration isn't a prototype
configure:4046: $? = 0
configure:4050: test -z 
			 || test ! -s conftest.err
configure:4053: $? = 0
configure:4056: test -s conftest
configure:4059: $? = 0
configure:4071: result: yes
configure:3983: checking for select
configure:4040: gcc -o conftest -g -O2 -Wall -Wstrict-prototypes -Wmissing-prototypes -Wmissing-declarations -Wshadow -Wpointer-arith -Wcast-qual -Wsign-compare   conftest.c  >&5
conftest.c:71: warning: function declaration isn't a prototype
conftest.c:78: warning: function declaration isn't a prototype
conftest.c:86: warning: function declaration isn't a prototype
configure:4046: $? = 0
configure:4050: test -z 
			 || test ! -s conftest.err
configure:4053: $? = 0
configure:4056: test -s conftest
configure:4059: $? = 0
configure:4071: result: yes
configure:3983: checking for setgroups
configure:4040: gcc -o conftest -g -O2 -Wall -Wstrict-prototypes -Wmissing-prototypes -Wmissing-declarations -Wshadow -Wpointer-arith -Wcast-qual -Wsign-compare   conftest.c  >&5
conftest.c:72: warning: function declaration isn't a prototype
conftest.c:79: warning: function declaration isn't a prototype
conftest.c:87: warning: function declaration isn't a prototype
configure:4046: $? = 0
configure:4050: test -z 
			 || test ! -s conftest.err
configure:4053: $? = 0
configure:4056: test -s conftest
configure:4059: $? = 0
configure:4071: result: yes
configure:3983: checking for setproctitle
configure:4040: gcc -o conftest -g -O2 -Wall -Wstrict-prototypes -Wmissing-prototypes -Wmissing-declarations -Wshadow -Wpointer-arith -Wcast-qual -Wsign-compare   conftest.c  >&5
conftest.c:73: warning: function declaration isn't a prototype
conftest.c:80: warning: function declaration isn't a prototype
conftest.c:88: warning: function declaration isn't a prototype
/var/tmp//ccg3yGYo.o: In function `main':
/usr/src/external/bsd/openntpd/dist/conftest.c:88: undefined reference to `setproctitle'
/var/tmp//ccg3yGYo.o:(.data+0x0): undefined reference to `setproctitle'
collect2: ld returned 1 exit status
configure:4046: $? = 1
configure: failed program was:
| /* confdefs.h.  */
| 
| #define PACKAGE_NAME "OpenNTPD"
| #define PACKAGE_TARNAME "openntpd"
| #define PACKAGE_VERSION "Portable"
| #define PACKAGE_STRING "OpenNTPD Portable"
| #define PACKAGE_BUGREPORT ""
| #define STDC_HEADERS 1
| #define HAVE_SYS_TYPES_H 1
| #define HAVE_SYS_STAT_H 1
| #define HAVE_STDLIB_H 1
| #define HAVE_STRING_H 1
| #define HAVE_MEMORY_H 1
| #define HAVE_STRINGS_H 1
| #define HAVE_INTTYPES_H 1
| #define HAVE_STDINT_H 1
| #define HAVE_UNISTD_H 1
| #define HAVE_ARPA_INET_H 1
| #define HAVE_ARPA_NAMESER_H 1
| #define HAVE_CTYPE_H 1
| #define HAVE_ERR_H 1
| #define HAVE_IFADDRS_H 1
| #define HAVE_NETDB_H 1
| #define HAVE_PATHS_H 1
| #define HAVE_POLL_H 1
| #define HAVE_STDARG_H 1
| #define HAVE_SYS_FCNTL_H 1
| #define HAVE_SYS_QUEUE_H 1
| #define HAVE_SYS_SELECT_H 1
| #define HAVE_SYS_SOCKET_H 1
| #define HAVE_SYS_TIME_H 1
| #define HAVE_SYS_TYPES_H 1
| #define HAVE_SYSLOG_H 1
| #define HAVE_DECL_ASPRINTF 1
| #define HAVE_SOCKETPAIR 1
| #define HAVE_ADJTIME 1
| #define HAVE_ARC4RANDOM 1
| #define HAVE_ASPRINTF 1
| #define HAVE_BZERO 1
| #define HAVE_CLOCK_GETRES 1
| #define HAVE_DAEMON 1
| #define HAVE_ERRX 1
| #define HAVE_GETIFADDRS 1
| #define HAVE_INET_PTON 1
| #define HAVE_POLL 1
| #define HAVE_SELECT 1
| #define HAVE_SETGROUPS 1
| /* end confdefs.h.  */
| /* Define setproctitle to an innocuous variant, in case <limits.h> declares setproctitle.
|    For example, HP-UX 11i <limits.h> declares gettimeofday.  */
| #define setproctitle innocuous_setproctitle
| 
| /* System header to define __stub macros and hopefully few prototypes,
|     which can conflict with char setproctitle (); below.
|     Prefer <limits.h> to <assert.h> if __STDC__ is defined, since
|     <limits.h> exists even on freestanding compilers.  */
| 
| #ifdef __STDC__
| # include <limits.h>
| #else
| # include <assert.h>
| #endif
| 
| #undef setproctitle
| 
| /* Override any gcc2 internal prototype to avoid an error.  */
| #ifdef __cplusplus
| extern "C"
| {
| #endif
| /* We use char because int might match the return type of a gcc2
|    builtin and then its argument prototype would still apply.  */
| char setproctitle ();
| /* The GNU C library defines this for functions which it implements
|     to always fail with ENOSYS.  Some functions are actually named
|     something starting with __ and the normal name is an alias.  */
| #if defined (__stub_setproctitle) || defined (__stub___setproctitle)
| choke me
| #else
| char (*f) () = setproctitle;
| #endif
| #ifdef __cplusplus
| }
| #endif
| 
| int
| main ()
| {
| return f != setproctitle;
|   ;
|   return 0;
| }
configure:4071: result: no
configure:3983: checking for snprintf
configure:4040: gcc -o conftest -g -O2 -Wall -Wstrict-prototypes -Wmissing-prototypes -Wmissing-declarations -Wshadow -Wpointer-arith -Wcast-qual -Wsign-compare   conftest.c  >&5
conftest.c:73: warning: function declaration isn't a prototype
conftest.c:73: warning: conflicting types for built-in function 'snprintf'
conftest.c:80: warning: function declaration isn't a prototype
conftest.c:88: warning: function declaration isn't a prototype
configure:4046: $? = 0
configure:4050: test -z 
			 || test ! -s conftest.err
configure:4053: $? = 0
configure:4056: test -s conftest
configure:4059: $? = 0
configure:4071: result: yes
configure:3983: checking for strlcpy
configure:4040: gcc -o conftest -g -O2 -Wall -Wstrict-prototypes -Wmissing-prototypes -Wmissing-declarations -Wshadow -Wpointer-arith -Wcast-qual -Wsign-compare   conftest.c  >&5
conftest.c:74: warning: function declaration isn't a prototype
conftest.c:81: warning: function declaration isn't a prototype
conftest.c:89: warning: function declaration isn't a prototype
configure:4046: $? = 0
configure:4050: test -z 
			 || test ! -s conftest.err
configure:4053: $? = 0
configure:4056: test -s conftest
configure:4059: $? = 0
configure:4071: result: yes
configure:3983: checking for strsignal
configure:4040: gcc -o conftest -g -O2 -Wall -Wstrict-prototypes -Wmissing-prototypes -Wmissing-declarations -Wshadow -Wpointer-arith -Wcast-qual -Wsign-compare   conftest.c  >&5
conftest.c:75: warning: function declaration isn't a prototype
conftest.c:82: warning: function declaration isn't a prototype
conftest.c:90: warning: function declaration isn't a prototype
configure:4046: $? = 0
configure:4050: test -z 
			 || test ! -s conftest.err
configure:4053: $? = 0
configure:4056: test -s conftest
configure:4059: $? = 0
configure:4071: result: yes
configure:3983: checking for verrx
configure:4040: gcc -o conftest -g -O2 -Wall -Wstrict-prototypes -Wmissing-prototypes -Wmissing-declarations -Wshadow -Wpointer-arith -Wcast-qual -Wsign-compare   conftest.c  >&5
conftest.c:76: warning: function declaration isn't a prototype
conftest.c:83: warning: function declaration isn't a prototype
conftest.c:91: warning: function declaration isn't a prototype
configure:4046: $? = 0
configure:4050: test -z 
			 || test ! -s conftest.err
configure:4053: $? = 0
configure:4056: test -s conftest
configure:4059: $? = 0
configure:4071: result: yes
configure:3983: checking for vsnprintf
configure:4040: gcc -o conftest -g -O2 -Wall -Wstrict-prototypes -Wmissing-prototypes -Wmissing-declarations -Wshadow -Wpointer-arith -Wcast-qual -Wsign-compare   conftest.c  >&5
conftest.c:77: warning: function declaration isn't a prototype
conftest.c:77: warning: conflicting types for built-in function 'vsnprintf'
conftest.c:84: warning: function declaration isn't a prototype
conftest.c:92: warning: function declaration isn't a prototype
configure:4046: $? = 0
configure:4050: test -z 
			 || test ! -s conftest.err
configure:4053: $? = 0
configure:4056: test -s conftest
configure:4059: $? = 0
configure:4071: result: yes
configure:4090: checking for vsyslog
configure:4147: gcc -o conftest -g -O2 -Wall -Wstrict-prototypes -Wmissing-prototypes -Wmissing-declarations -Wshadow -Wpointer-arith -Wcast-qual -Wsign-compare   conftest.c  >&5
conftest.c:78: warning: function declaration isn't a prototype
conftest.c:85: warning: function declaration isn't a prototype
conftest.c:93: warning: function declaration isn't a prototype
configure:4153: $? = 0
configure:4157: test -z 
			 || test ! -s conftest.err
configure:4160: $? = 0
configure:4163: test -s conftest
configure:4166: $? = 0
configure:4178: result: yes
configure:4200: checking for setuid
configure:4257: gcc -o conftest -g -O2 -Wall -Wstrict-prototypes -Wmissing-prototypes -Wmissing-declarations -Wshadow -Wpointer-arith -Wcast-qual -Wsign-compare   conftest.c  >&5
conftest.c:79: warning: function declaration isn't a prototype
conftest.c:86: warning: function declaration isn't a prototype
conftest.c:94: warning: function declaration isn't a prototype
configure:4263: $? = 0
configure:4267: test -z 
			 || test ! -s conftest.err
configure:4270: $? = 0
configure:4273: test -s conftest
configure:4276: $? = 0
configure:4288: result: yes
configure:4200: checking for setgid
configure:4257: gcc -o conftest -g -O2 -Wall -Wstrict-prototypes -Wmissing-prototypes -Wmissing-declarations -Wshadow -Wpointer-arith -Wcast-qual -Wsign-compare   conftest.c  >&5
conftest.c:80: warning: function declaration isn't a prototype
conftest.c:87: warning: function declaration isn't a prototype
conftest.c:95: warning: function declaration isn't a prototype
configure:4263: $? = 0
configure:4267: test -z 
			 || test ! -s conftest.err
configure:4270: $? = 0
configure:4273: test -s conftest
configure:4276: $? = 0
configure:4288: result: yes
configure:4200: checking for seteuid
configure:4257: gcc -o conftest -g -O2 -Wall -Wstrict-prototypes -Wmissing-prototypes -Wmissing-declarations -Wshadow -Wpointer-arith -Wcast-qual -Wsign-compare   conftest.c  >&5
conftest.c:81: warning: function declaration isn't a prototype
conftest.c:88: warning: function declaration isn't a prototype
conftest.c:96: warning: function declaration isn't a prototype
configure:4263: $? = 0
configure:4267: test -z 
			 || test ! -s conftest.err
configure:4270: $? = 0
configure:4273: test -s conftest
configure:4276: $? = 0
configure:4288: result: yes
configure:4200: checking for setegid
configure:4257: gcc -o conftest -g -O2 -Wall -Wstrict-prototypes -Wmissing-prototypes -Wmissing-declarations -Wshadow -Wpointer-arith -Wcast-qual -Wsign-compare   conftest.c  >&5
conftest.c:82: warning: function declaration isn't a prototype
conftest.c:89: warning: function declaration isn't a prototype
conftest.c:97: warning: function declaration isn't a prototype
configure:4263: $? = 0
configure:4267: test -z 
			 || test ! -s conftest.err
configure:4270: $? = 0
configure:4273: test -s conftest
configure:4276: $? = 0
configure:4288: result: yes
configure:4200: checking for setreuid
configure:4257: gcc -o conftest -g -O2 -Wall -Wstrict-prototypes -Wmissing-prototypes -Wmissing-declarations -Wshadow -Wpointer-arith -Wcast-qual -Wsign-compare   conftest.c  >&5
conftest.c:83: warning: function declaration isn't a prototype
conftest.c:90: warning: function declaration isn't a prototype
conftest.c:98: warning: function declaration isn't a prototype
/var/tmp//ccU4fegV.o: In function `main':
/usr/src/external/bsd/openntpd/dist/conftest.c:98: undefined reference to `setreuid'
/var/tmp//ccU4fegV.o:(.data+0x0): undefined reference to `setreuid'
collect2: ld returned 1 exit status
configure:4263: $? = 1
configure: failed program was:
| /* confdefs.h.  */
| 
| #define PACKAGE_NAME "OpenNTPD"
| #define PACKAGE_TARNAME "openntpd"
| #define PACKAGE_VERSION "Portable"
| #define PACKAGE_STRING "OpenNTPD Portable"
| #define PACKAGE_BUGREPORT ""
| #define STDC_HEADERS 1
| #define HAVE_SYS_TYPES_H 1
| #define HAVE_SYS_STAT_H 1
| #define HAVE_STDLIB_H 1
| #define HAVE_STRING_H 1
| #define HAVE_MEMORY_H 1
| #define HAVE_STRINGS_H 1
| #define HAVE_INTTYPES_H 1
| #define HAVE_STDINT_H 1
| #define HAVE_UNISTD_H 1
| #define HAVE_ARPA_INET_H 1
| #define HAVE_ARPA_NAMESER_H 1
| #define HAVE_CTYPE_H 1
| #define HAVE_ERR_H 1
| #define HAVE_IFADDRS_H 1
| #define HAVE_NETDB_H 1
| #define HAVE_PATHS_H 1
| #define HAVE_POLL_H 1
| #define HAVE_STDARG_H 1
| #define HAVE_SYS_FCNTL_H 1
| #define HAVE_SYS_QUEUE_H 1
| #define HAVE_SYS_SELECT_H 1
| #define HAVE_SYS_SOCKET_H 1
| #define HAVE_SYS_TIME_H 1
| #define HAVE_SYS_TYPES_H 1
| #define HAVE_SYSLOG_H 1
| #define HAVE_DECL_ASPRINTF 1
| #define HAVE_SOCKETPAIR 1
| #define HAVE_ADJTIME 1
| #define HAVE_ARC4RANDOM 1
| #define HAVE_ASPRINTF 1
| #define HAVE_BZERO 1
| #define HAVE_CLOCK_GETRES 1
| #define HAVE_DAEMON 1
| #define HAVE_ERRX 1
| #define HAVE_GETIFADDRS 1
| #define HAVE_INET_PTON 1
| #define HAVE_POLL 1
| #define HAVE_SELECT 1
| #define HAVE_SETGROUPS 1
| #define HAVE_SNPRINTF 1
| #define HAVE_STRLCPY 1
| #define HAVE_STRSIGNAL 1
| #define HAVE_VERRX 1
| #define HAVE_VSNPRINTF 1
| #define HAVE_VSYSLOG 1
| #define HAVE_SETUID 1
| #define HAVE_SETGID 1
| #define HAVE_SETEUID 1
| #define HAVE_SETEGID 1
| /* end confdefs.h.  */
| /* Define setreuid to an innocuous variant, in case <limits.h> declares setreuid.
|    For example, HP-UX 11i <limits.h> declares gettimeofday.  */
| #define setreuid innocuous_setreuid
| 
| /* System header to define __stub macros and hopefully few prototypes,
|     which can conflict with char setreuid (); below.
|     Prefer <limits.h> to <assert.h> if __STDC__ is defined, since
|     <limits.h> exists even on freestanding compilers.  */
| 
| #ifdef __STDC__
| # include <limits.h>
| #else
| # include <assert.h>
| #endif
| 
| #undef setreuid
| 
| /* Override any gcc2 internal prototype to avoid an error.  */
| #ifdef __cplusplus
| extern "C"
| {
| #endif
| /* We use char because int might match the return type of a gcc2
|    builtin and then its argument prototype would still apply.  */
| char setreuid ();
| /* The GNU C library defines this for functions which it implements
|     to always fail with ENOSYS.  Some functions are actually named
|     something starting with __ and the normal name is an alias.  */
| #if defined (__stub_setreuid) || defined (__stub___setreuid)
| choke me
| #else
| char (*f) () = setreuid;
| #endif
| #ifdef __cplusplus
| }
| #endif
| 
| int
| main ()
| {
| return f != setreuid;
|   ;
|   return 0;
| }
configure:4288: result: no
configure:4200: checking for setregid
configure:4257: gcc -o conftest -g -O2 -Wall -Wstrict-prototypes -Wmissing-prototypes -Wmissing-declarations -Wshadow -Wpointer-arith -Wcast-qual -Wsign-compare   conftest.c  >&5
conftest.c:83: warning: function declaration isn't a prototype
conftest.c:90: warning: function declaration isn't a prototype
conftest.c:98: warning: function declaration isn't a prototype
/var/tmp//ccIs9Iu9.o: In function `main':
/usr/src/external/bsd/openntpd/dist/conftest.c:98: undefined reference to `setregid'
/var/tmp//ccIs9Iu9.o:(.data+0x0): undefined reference to `setregid'
collect2: ld returned 1 exit status
configure:4263: $? = 1
configure: failed program was:
| /* confdefs.h.  */
| 
| #define PACKAGE_NAME "OpenNTPD"
| #define PACKAGE_TARNAME "openntpd"
| #define PACKAGE_VERSION "Portable"
| #define PACKAGE_STRING "OpenNTPD Portable"
| #define PACKAGE_BUGREPORT ""
| #define STDC_HEADERS 1
| #define HAVE_SYS_TYPES_H 1
| #define HAVE_SYS_STAT_H 1
| #define HAVE_STDLIB_H 1
| #define HAVE_STRING_H 1
| #define HAVE_MEMORY_H 1
| #define HAVE_STRINGS_H 1
| #define HAVE_INTTYPES_H 1
| #define HAVE_STDINT_H 1
| #define HAVE_UNISTD_H 1
| #define HAVE_ARPA_INET_H 1
| #define HAVE_ARPA_NAMESER_H 1
| #define HAVE_CTYPE_H 1
| #define HAVE_ERR_H 1
| #define HAVE_IFADDRS_H 1
| #define HAVE_NETDB_H 1
| #define HAVE_PATHS_H 1
| #define HAVE_POLL_H 1
| #define HAVE_STDARG_H 1
| #define HAVE_SYS_FCNTL_H 1
| #define HAVE_SYS_QUEUE_H 1
| #define HAVE_SYS_SELECT_H 1
| #define HAVE_SYS_SOCKET_H 1
| #define HAVE_SYS_TIME_H 1
| #define HAVE_SYS_TYPES_H 1
| #define HAVE_SYSLOG_H 1
| #define HAVE_DECL_ASPRINTF 1
| #define HAVE_SOCKETPAIR 1
| #define HAVE_ADJTIME 1
| #define HAVE_ARC4RANDOM 1
| #define HAVE_ASPRINTF 1
| #define HAVE_BZERO 1
| #define HAVE_CLOCK_GETRES 1
| #define HAVE_DAEMON 1
| #define HAVE_ERRX 1
| #define HAVE_GETIFADDRS 1
| #define HAVE_INET_PTON 1
| #define HAVE_POLL 1
| #define HAVE_SELECT 1
| #define HAVE_SETGROUPS 1
| #define HAVE_SNPRINTF 1
| #define HAVE_STRLCPY 1
| #define HAVE_STRSIGNAL 1
| #define HAVE_VERRX 1
| #define HAVE_VSNPRINTF 1
| #define HAVE_VSYSLOG 1
| #define HAVE_SETUID 1
| #define HAVE_SETGID 1
| #define HAVE_SETEUID 1
| #define HAVE_SETEGID 1
| /* end confdefs.h.  */
| /* Define setregid to an innocuous variant, in case <limits.h> declares setregid.
|    For example, HP-UX 11i <limits.h> declares gettimeofday.  */
| #define setregid innocuous_setregid
| 
| /* System header to define __stub macros and hopefully few prototypes,
|     which can conflict with char setregid (); below.
|     Prefer <limits.h> to <assert.h> if __STDC__ is defined, since
|     <limits.h> exists even on freestanding compilers.  */
| 
| #ifdef __STDC__
| # include <limits.h>
| #else
| # include <assert.h>
| #endif
| 
| #undef setregid
| 
| /* Override any gcc2 internal prototype to avoid an error.  */
| #ifdef __cplusplus
| extern "C"
| {
| #endif
| /* We use char because int might match the return type of a gcc2
|    builtin and then its argument prototype would still apply.  */
| char setregid ();
| /* The GNU C library defines this for functions which it implements
|     to always fail with ENOSYS.  Some functions are actually named
|     something starting with __ and the normal name is an alias.  */
| #if defined (__stub_setregid) || defined (__stub___setregid)
| choke me
| #else
| char (*f) () = setregid;
| #endif
| #ifdef __cplusplus
| }
| #endif
| 
| int
| main ()
| {
| return f != setregid;
|   ;
|   return 0;
| }
configure:4288: result: no
configure:4303: checking for setresuid
configure:4360: gcc -o conftest -g -O2 -Wall -Wstrict-prototypes -Wmissing-prototypes -Wmissing-declarations -Wshadow -Wpointer-arith -Wcast-qual -Wsign-compare   conftest.c  >&5
conftest.c:83: warning: function declaration isn't a prototype
conftest.c:90: warning: function declaration isn't a prototype
conftest.c:98: warning: function declaration isn't a prototype
/var/tmp//cci1r24l.o: In function `main':
/usr/src/external/bsd/openntpd/dist/conftest.c:98: undefined reference to `setresuid'
/var/tmp//cci1r24l.o:(.data+0x0): undefined reference to `setresuid'
collect2: ld returned 1 exit status
configure:4366: $? = 1
configure: failed program was:
| /* confdefs.h.  */
| 
| #define PACKAGE_NAME "OpenNTPD"
| #define PACKAGE_TARNAME "openntpd"
| #define PACKAGE_VERSION "Portable"
| #define PACKAGE_STRING "OpenNTPD Portable"
| #define PACKAGE_BUGREPORT ""
| #define STDC_HEADERS 1
| #define HAVE_SYS_TYPES_H 1
| #define HAVE_SYS_STAT_H 1
| #define HAVE_STDLIB_H 1
| #define HAVE_STRING_H 1
| #define HAVE_MEMORY_H 1
| #define HAVE_STRINGS_H 1
| #define HAVE_INTTYPES_H 1
| #define HAVE_STDINT_H 1
| #define HAVE_UNISTD_H 1
| #define HAVE_ARPA_INET_H 1
| #define HAVE_ARPA_NAMESER_H 1
| #define HAVE_CTYPE_H 1
| #define HAVE_ERR_H 1
| #define HAVE_IFADDRS_H 1
| #define HAVE_NETDB_H 1
| #define HAVE_PATHS_H 1
| #define HAVE_POLL_H 1
| #define HAVE_STDARG_H 1
| #define HAVE_SYS_FCNTL_H 1
| #define HAVE_SYS_QUEUE_H 1
| #define HAVE_SYS_SELECT_H 1
| #define HAVE_SYS_SOCKET_H 1
| #define HAVE_SYS_TIME_H 1
| #define HAVE_SYS_TYPES_H 1
| #define HAVE_SYSLOG_H 1
| #define HAVE_DECL_ASPRINTF 1
| #define HAVE_SOCKETPAIR 1
| #define HAVE_ADJTIME 1
| #define HAVE_ARC4RANDOM 1
| #define HAVE_ASPRINTF 1
| #define HAVE_BZERO 1
| #define HAVE_CLOCK_GETRES 1
| #define HAVE_DAEMON 1
| #define HAVE_ERRX 1
| #define HAVE_GETIFADDRS 1
| #define HAVE_INET_PTON 1
| #define HAVE_POLL 1
| #define HAVE_SELECT 1
| #define HAVE_SETGROUPS 1
| #define HAVE_SNPRINTF 1
| #define HAVE_STRLCPY 1
| #define HAVE_STRSIGNAL 1
| #define HAVE_VERRX 1
| #define HAVE_VSNPRINTF 1
| #define HAVE_VSYSLOG 1
| #define HAVE_SETUID 1
| #define HAVE_SETGID 1
| #define HAVE_SETEUID 1
| #define HAVE_SETEGID 1
| /* end confdefs.h.  */
| /* Define setresuid to an innocuous variant, in case <limits.h> declares setresuid.
|    For example, HP-UX 11i <limits.h> declares gettimeofday.  */
| #define setresuid innocuous_setresuid
| 
| /* System header to define __stub macros and hopefully few prototypes,
|     which can conflict with char setresuid (); below.
|     Prefer <limits.h> to <assert.h> if __STDC__ is defined, since
|     <limits.h> exists even on freestanding compilers.  */
| 
| #ifdef __STDC__
| # include <limits.h>
| #else
| # include <assert.h>
| #endif
| 
| #undef setresuid
| 
| /* Override any gcc2 internal prototype to avoid an error.  */
| #ifdef __cplusplus
| extern "C"
| {
| #endif
| /* We use char because int might match the return type of a gcc2
|    builtin and then its argument prototype would still apply.  */
| char setresuid ();
| /* The GNU C library defines this for functions which it implements
|     to always fail with ENOSYS.  Some functions are actually named
|     something starting with __ and the normal name is an alias.  */
| #if defined (__stub_setresuid) || defined (__stub___setresuid)
| choke me
| #else
| char (*f) () = setresuid;
| #endif
| #ifdef __cplusplus
| }
| #endif
| 
| int
| main ()
| {
| return f != setresuid;
|   ;
|   return 0;
| }
configure:4391: result: no
configure:4455: checking for setresgid
configure:4512: gcc -o conftest -g -O2 -Wall -Wstrict-prototypes -Wmissing-prototypes -Wmissing-declarations -Wshadow -Wpointer-arith -Wcast-qual -Wsign-compare   conftest.c  >&5
conftest.c:83: warning: function declaration isn't a prototype
conftest.c:90: warning: function declaration isn't a prototype
conftest.c:98: warning: function declaration isn't a prototype
/var/tmp//ccQJEA6i.o: In function `main':
/usr/src/external/bsd/openntpd/dist/conftest.c:98: undefined reference to `setresgid'
/var/tmp//ccQJEA6i.o:(.data+0x0): undefined reference to `setresgid'
collect2: ld returned 1 exit status
configure:4518: $? = 1
configure: failed program was:
| /* confdefs.h.  */
| 
| #define PACKAGE_NAME "OpenNTPD"
| #define PACKAGE_TARNAME "openntpd"
| #define PACKAGE_VERSION "Portable"
| #define PACKAGE_STRING "OpenNTPD Portable"
| #define PACKAGE_BUGREPORT ""
| #define STDC_HEADERS 1
| #define HAVE_SYS_TYPES_H 1
| #define HAVE_SYS_STAT_H 1
| #define HAVE_STDLIB_H 1
| #define HAVE_STRING_H 1
| #define HAVE_MEMORY_H 1
| #define HAVE_STRINGS_H 1
| #define HAVE_INTTYPES_H 1
| #define HAVE_STDINT_H 1
| #define HAVE_UNISTD_H 1
| #define HAVE_ARPA_INET_H 1
| #define HAVE_ARPA_NAMESER_H 1
| #define HAVE_CTYPE_H 1
| #define HAVE_ERR_H 1
| #define HAVE_IFADDRS_H 1
| #define HAVE_NETDB_H 1
| #define HAVE_PATHS_H 1
| #define HAVE_POLL_H 1
| #define HAVE_STDARG_H 1
| #define HAVE_SYS_FCNTL_H 1
| #define HAVE_SYS_QUEUE_H 1
| #define HAVE_SYS_SELECT_H 1
| #define HAVE_SYS_SOCKET_H 1
| #define HAVE_SYS_TIME_H 1
| #define HAVE_SYS_TYPES_H 1
| #define HAVE_SYSLOG_H 1
| #define HAVE_DECL_ASPRINTF 1
| #define HAVE_SOCKETPAIR 1
| #define HAVE_ADJTIME 1
| #define HAVE_ARC4RANDOM 1
| #define HAVE_ASPRINTF 1
| #define HAVE_BZERO 1
| #define HAVE_CLOCK_GETRES 1
| #define HAVE_DAEMON 1
| #define HAVE_ERRX 1
| #define HAVE_GETIFADDRS 1
| #define HAVE_INET_PTON 1
| #define HAVE_POLL 1
| #define HAVE_SELECT 1
| #define HAVE_SETGROUPS 1
| #define HAVE_SNPRINTF 1
| #define HAVE_STRLCPY 1
| #define HAVE_STRSIGNAL 1
| #define HAVE_VERRX 1
| #define HAVE_VSNPRINTF 1
| #define HAVE_VSYSLOG 1
| #define HAVE_SETUID 1
| #define HAVE_SETGID 1
| #define HAVE_SETEUID 1
| #define HAVE_SETEGID 1
| /* end confdefs.h.  */
| /* Define setresgid to an innocuous variant, in case <limits.h> declares setresgid.
|    For example, HP-UX 11i <limits.h> declares gettimeofday.  */
| #define setresgid innocuous_setresgid
| 
| /* System header to define __stub macros and hopefully few prototypes,
|     which can conflict with char setresgid (); below.
|     Prefer <limits.h> to <assert.h> if __STDC__ is defined, since
|     <limits.h> exists even on freestanding compilers.  */
| 
| #ifdef __STDC__
| # include <limits.h>
| #else
| # include <assert.h>
| #endif
| 
| #undef setresgid
| 
| /* Override any gcc2 internal prototype to avoid an error.  */
| #ifdef __cplusplus
| extern "C"
| {
| #endif
| /* We use char because int might match the return type of a gcc2
|    builtin and then its argument prototype would still apply.  */
| char setresgid ();
| /* The GNU C library defines this for functions which it implements
|     to always fail with ENOSYS.  Some functions are actually named
|     something starting with __ and the normal name is an alias.  */
| #if defined (__stub_setresgid) || defined (__stub___setresgid)
| choke me
| #else
| char (*f) () = setresgid;
| #endif
| #ifdef __cplusplus
| }
| #endif
| 
| int
| main ()
| {
| return f != setresgid;
|   ;
|   return 0;
| }
configure:4543: result: no
configure:4609: checking for getaddrinfo
configure:4666: gcc -o conftest -g -O2 -Wall -Wstrict-prototypes -Wmissing-prototypes -Wmissing-declarations -Wshadow -Wpointer-arith -Wcast-qual -Wsign-compare   conftest.c  >&5
conftest.c:83: warning: function declaration isn't a prototype
conftest.c:90: warning: function declaration isn't a prototype
conftest.c:98: warning: function declaration isn't a prototype
configure:4672: $? = 0
configure:4676: test -z 
			 || test ! -s conftest.err
configure:4679: $? = 0
configure:4682: test -s conftest
configure:4685: $? = 0
configure:4697: result: yes
configure:4609: checking for getnameinfo
configure:4666: gcc -o conftest -g -O2 -Wall -Wstrict-prototypes -Wmissing-prototypes -Wmissing-declarations -Wshadow -Wpointer-arith -Wcast-qual -Wsign-compare   conftest.c  >&5
conftest.c:84: warning: function declaration isn't a prototype
conftest.c:91: warning: function declaration isn't a prototype
conftest.c:99: warning: function declaration isn't a prototype
configure:4672: $? = 0
configure:4676: test -z 
			 || test ! -s conftest.err
configure:4679: $? = 0
configure:4682: test -s conftest
configure:4685: $? = 0
configure:4697: result: yes
configure:4609: checking for freeaddrinfo
configure:4666: gcc -o conftest -g -O2 -Wall -Wstrict-prototypes -Wmissing-prototypes -Wmissing-declarations -Wshadow -Wpointer-arith -Wcast-qual -Wsign-compare   conftest.c  >&5
conftest.c:85: warning: function declaration isn't a prototype
conftest.c:92: warning: function declaration isn't a prototype
conftest.c:100: warning: function declaration isn't a prototype
configure:4672: $? = 0
configure:4676: test -z 
			 || test ! -s conftest.err
configure:4679: $? = 0
configure:4682: test -s conftest
configure:4685: $? = 0
configure:4697: result: yes
configure:4712: checking for gai_strerror
configure:4769: gcc -o conftest -g -O2 -Wall -Wstrict-prototypes -Wmissing-prototypes -Wmissing-declarations -Wshadow -Wpointer-arith -Wcast-qual -Wsign-compare   conftest.c  >&5
conftest.c:86: warning: function declaration isn't a prototype
conftest.c:93: warning: function declaration isn't a prototype
conftest.c:101: warning: function declaration isn't a prototype
configure:4775: $? = 0
configure:4779: test -z 
			 || test ! -s conftest.err
configure:4782: $? = 0
configure:4785: test -s conftest
configure:4788: $? = 0
configure:4800: result: yes
configure:4835: gcc -c -g -O2 -Wall -Wstrict-prototypes -Wmissing-prototypes -Wmissing-declarations -Wshadow -Wpointer-arith -Wcast-qual -Wsign-compare  conftest.c >&5
conftest.c:72: warning: function declaration isn't a prototype
conftest.c: In function 'main':
conftest.c:76: warning: assignment discards qualifiers from pointer target type
configure:4841: $? = 0
configure:4845: test -z 
			 || test ! -s conftest.err
configure:4848: $? = 0
configure:4851: test -s conftest.o
configure:4854: $? = 0
configure:4872: checking for struct sockaddr_storage
configure:4897: gcc -c -g -O2 -Wall -Wstrict-prototypes -Wmissing-prototypes -Wmissing-declarations -Wshadow -Wpointer-arith -Wcast-qual -Wsign-compare  conftest.c >&5
conftest.c:71: warning: function declaration isn't a prototype
conftest.c: In function 'main':
conftest.c:72: warning: unused variable 's'
configure:4903: $? = 0
configure:4907: test -z 
			 || test ! -s conftest.err
configure:4910: $? = 0
configure:4913: test -s conftest.o
configure:4916: $? = 0
configure:4929: result: yes
configure:4939: checking for struct sockaddr_in6
configure:4964: gcc -c -g -O2 -Wall -Wstrict-prototypes -Wmissing-prototypes -Wmissing-declarations -Wshadow -Wpointer-arith -Wcast-qual -Wsign-compare  conftest.c >&5
conftest.c:72: warning: function declaration isn't a prototype
configure:4970: $? = 0
configure:4974: test -z 
			 || test ! -s conftest.err
configure:4977: $? = 0
configure:4980: test -s conftest.o
configure:4983: $? = 0
configure:4996: result: yes
configure:5006: checking for struct in6_addr
configure:5031: gcc -c -g -O2 -Wall -Wstrict-prototypes -Wmissing-prototypes -Wmissing-declarations -Wshadow -Wpointer-arith -Wcast-qual -Wsign-compare  conftest.c >&5
conftest.c:73: warning: function declaration isn't a prototype
configure:5037: $? = 0
configure:5041: test -z 
			 || test ! -s conftest.err
configure:5044: $? = 0
configure:5047: test -s conftest.o
configure:5050: $? = 0
configure:5063: result: yes
configure:5073: checking for struct addrinfo
configure:5099: gcc -c -g -O2 -Wall -Wstrict-prototypes -Wmissing-prototypes -Wmissing-declarations -Wshadow -Wpointer-arith -Wcast-qual -Wsign-compare  conftest.c >&5
conftest.c:75: warning: function declaration isn't a prototype
configure:5105: $? = 0
configure:5109: test -z 
			 || test ! -s conftest.err
configure:5112: $? = 0
configure:5115: test -s conftest.o
configure:5118: $? = 0
configure:5131: result: yes
configure:5141: checking for struct sockaddr.sa_len
configure:5168: gcc -c -g -O2 -Wall -Wstrict-prototypes -Wmissing-prototypes -Wmissing-declarations -Wshadow -Wpointer-arith -Wcast-qual -Wsign-compare  conftest.c >&5
In file included from /usr/include/sys/socket.h:207,
                 from /usr/include/netinet6/in6.h:71,
                 from /usr/include/netinet/in.h:509,
                 from conftest.c:70:
/usr/include/sys/ucred.h:48: error: expected specifier-qualifier-list before 'pid_t'
conftest.c:76: warning: function declaration isn't a prototype
conftest.c: In function 'main':
conftest.c:78: error: 'struct sockaddr' has no member named 'sa_len'
configure:5174: $? = 1
configure: failed program was:
| /* confdefs.h.  */
| 
| #define PACKAGE_NAME "OpenNTPD"
| #define PACKAGE_TARNAME "openntpd"
| #define PACKAGE_VERSION "Portable"
| #define PACKAGE_STRING "OpenNTPD Portable"
| #define PACKAGE_BUGREPORT ""
| #define STDC_HEADERS 1
| #define HAVE_SYS_TYPES_H 1
| #define HAVE_SYS_STAT_H 1
| #define HAVE_STDLIB_H 1
| #define HAVE_STRING_H 1
| #define HAVE_MEMORY_H 1
| #define HAVE_STRINGS_H 1
| #define HAVE_INTTYPES_H 1
| #define HAVE_STDINT_H 1
| #define HAVE_UNISTD_H 1
| #define HAVE_ARPA_INET_H 1
| #define HAVE_ARPA_NAMESER_H 1
| #define HAVE_CTYPE_H 1
| #define HAVE_ERR_H 1
| #define HAVE_IFADDRS_H 1
| #define HAVE_NETDB_H 1
| #define HAVE_PATHS_H 1
| #define HAVE_POLL_H 1
| #define HAVE_STDARG_H 1
| #define HAVE_SYS_FCNTL_H 1
| #define HAVE_SYS_QUEUE_H 1
| #define HAVE_SYS_SELECT_H 1
| #define HAVE_SYS_SOCKET_H 1
| #define HAVE_SYS_TIME_H 1
| #define HAVE_SYS_TYPES_H 1
| #define HAVE_SYSLOG_H 1
| #define HAVE_DECL_ASPRINTF 1
| #define HAVE_SOCKETPAIR 1
| #define HAVE_ADJTIME 1
| #define HAVE_ARC4RANDOM 1
| #define HAVE_ASPRINTF 1
| #define HAVE_BZERO 1
| #define HAVE_CLOCK_GETRES 1
| #define HAVE_DAEMON 1
| #define HAVE_ERRX 1
| #define HAVE_GETIFADDRS 1
| #define HAVE_INET_PTON 1
| #define HAVE_POLL 1
| #define HAVE_SELECT 1
| #define HAVE_SETGROUPS 1
| #define HAVE_SNPRINTF 1
| #define HAVE_STRLCPY 1
| #define HAVE_STRSIGNAL 1
| #define HAVE_VERRX 1
| #define HAVE_VSNPRINTF 1
| #define HAVE_VSYSLOG 1
| #define HAVE_SETUID 1
| #define HAVE_SETGID 1
| #define HAVE_SETEUID 1
| #define HAVE_SETEGID 1
| #define HAVE_GETADDRINFO 1
| #define HAVE_GETNAMEINFO 1
| #define HAVE_FREEADDRINFO 1
| #define HAVE_GAI_STRERROR 1
| #define HAVE_GAI_STRERROR 1
| #define HAVE_CONST_GAI_STRERROR_PROTO 1
| #define HAVE_STRUCT_SOCKADDR_STORAGE
| #define HAVE_STRUCT_SOCKADDR_IN6
| #define HAVE_STRUCT_IN6_ADDR
| #define HAVE_STRUCT_ADDRINFO
| /* end confdefs.h.  */
|  #include <netdb.h>
| 	  #include <netinet/in.h>
| 	  #include <sys/socket.h>
| 
| 
| int
| main ()
| {
| static struct sockaddr ac_aggr;
| if (ac_aggr.sa_len)
| return 0;
|   ;
|   return 0;
| }
configure:5216: gcc -c -g -O2 -Wall -Wstrict-prototypes -Wmissing-prototypes -Wmissing-declarations -Wshadow -Wpointer-arith -Wcast-qual -Wsign-compare  conftest.c >&5
In file included from /usr/include/sys/socket.h:207,
                 from /usr/include/netinet6/in6.h:71,
                 from /usr/include/netinet/in.h:509,
                 from conftest.c:70:
/usr/include/sys/ucred.h:48: error: expected specifier-qualifier-list before 'pid_t'
conftest.c:76: warning: function declaration isn't a prototype
conftest.c: In function 'main':
conftest.c:78: error: 'struct sockaddr' has no member named 'sa_len'
configure:5222: $? = 1
configure: failed program was:
| /* confdefs.h.  */
| 
| #define PACKAGE_NAME "OpenNTPD"
| #define PACKAGE_TARNAME "openntpd"
| #define PACKAGE_VERSION "Portable"
| #define PACKAGE_STRING "OpenNTPD Portable"
| #define PACKAGE_BUGREPORT ""
| #define STDC_HEADERS 1
| #define HAVE_SYS_TYPES_H 1
| #define HAVE_SYS_STAT_H 1
| #define HAVE_STDLIB_H 1
| #define HAVE_STRING_H 1
| #define HAVE_MEMORY_H 1
| #define HAVE_STRINGS_H 1
| #define HAVE_INTTYPES_H 1
| #define HAVE_STDINT_H 1
| #define HAVE_UNISTD_H 1
| #define HAVE_ARPA_INET_H 1
| #define HAVE_ARPA_NAMESER_H 1
| #define HAVE_CTYPE_H 1
| #define HAVE_ERR_H 1
| #define HAVE_IFADDRS_H 1
| #define HAVE_NETDB_H 1
| #define HAVE_PATHS_H 1
| #define HAVE_POLL_H 1
| #define HAVE_STDARG_H 1
| #define HAVE_SYS_FCNTL_H 1
| #define HAVE_SYS_QUEUE_H 1
| #define HAVE_SYS_SELECT_H 1
| #define HAVE_SYS_SOCKET_H 1
| #define HAVE_SYS_TIME_H 1
| #define HAVE_SYS_TYPES_H 1
| #define HAVE_SYSLOG_H 1
| #define HAVE_DECL_ASPRINTF 1
| #define HAVE_SOCKETPAIR 1
| #define HAVE_ADJTIME 1
| #define HAVE_ARC4RANDOM 1
| #define HAVE_ASPRINTF 1
| #define HAVE_BZERO 1
| #define HAVE_CLOCK_GETRES 1
| #define HAVE_DAEMON 1
| #define HAVE_ERRX 1
| #define HAVE_GETIFADDRS 1
| #define HAVE_INET_PTON 1
| #define HAVE_POLL 1
| #define HAVE_SELECT 1
| #define HAVE_SETGROUPS 1
| #define HAVE_SNPRINTF 1
| #define HAVE_STRLCPY 1
| #define HAVE_STRSIGNAL 1
| #define HAVE_VERRX 1
| #define HAVE_VSNPRINTF 1
| #define HAVE_VSYSLOG 1
| #define HAVE_SETUID 1
| #define HAVE_SETGID 1
| #define HAVE_SETEUID 1
| #define HAVE_SETEGID 1
| #define HAVE_GETADDRINFO 1
| #define HAVE_GETNAMEINFO 1
| #define HAVE_FREEADDRINFO 1
| #define HAVE_GAI_STRERROR 1
| #define HAVE_GAI_STRERROR 1
| #define HAVE_CONST_GAI_STRERROR_PROTO 1
| #define HAVE_STRUCT_SOCKADDR_STORAGE
| #define HAVE_STRUCT_SOCKADDR_IN6
| #define HAVE_STRUCT_IN6_ADDR
| #define HAVE_STRUCT_ADDRINFO
| /* end confdefs.h.  */
|  #include <netdb.h>
| 	  #include <netinet/in.h>
| 	  #include <sys/socket.h>
| 
| 
| int
| main ()
| {
| static struct sockaddr ac_aggr;
| if (sizeof ac_aggr.sa_len)
| return 0;
|   ;
|   return 0;
| }
configure:5248: result: no
configure:5259: checking for library containing res_init
configure:5289: gcc -o conftest -g -O2 -Wall -Wstrict-prototypes -Wmissing-prototypes -Wmissing-declarations -Wshadow -Wpointer-arith -Wcast-qual -Wsign-compare   conftest.c  >&5
conftest.c:76: warning: function declaration isn't a prototype
conftest.c:79: warning: function declaration isn't a prototype
configure:5295: $? = 0
configure:5299: test -z 
			 || test ! -s conftest.err
configure:5302: $? = 0
configure:5305: test -s conftest
configure:5308: $? = 0
configure:5378: result: none required
configure:5385: checking for library containing res_9_init
configure:5415: gcc -o conftest -g -O2 -Wall -Wstrict-prototypes -Wmissing-prototypes -Wmissing-declarations -Wshadow -Wpointer-arith -Wcast-qual -Wsign-compare   conftest.c  >&5
conftest.c:76: warning: function declaration isn't a prototype
conftest.c:79: warning: function declaration isn't a prototype
/var/tmp//ccS3WOeM.o: In function `main':
/usr/src/external/bsd/openntpd/dist/conftest.c:80: undefined reference to `res_9_init'
collect2: ld returned 1 exit status
configure:5421: $? = 1
configure: failed program was:
| /* confdefs.h.  */
| 
| #define PACKAGE_NAME "OpenNTPD"
| #define PACKAGE_TARNAME "openntpd"
| #define PACKAGE_VERSION "Portable"
| #define PACKAGE_STRING "OpenNTPD Portable"
| #define PACKAGE_BUGREPORT ""
| #define STDC_HEADERS 1
| #define HAVE_SYS_TYPES_H 1
| #define HAVE_SYS_STAT_H 1
| #define HAVE_STDLIB_H 1
| #define HAVE_STRING_H 1
| #define HAVE_MEMORY_H 1
| #define HAVE_STRINGS_H 1
| #define HAVE_INTTYPES_H 1
| #define HAVE_STDINT_H 1
| #define HAVE_UNISTD_H 1
| #define HAVE_ARPA_INET_H 1
| #define HAVE_ARPA_NAMESER_H 1
| #define HAVE_CTYPE_H 1
| #define HAVE_ERR_H 1
| #define HAVE_IFADDRS_H 1
| #define HAVE_NETDB_H 1
| #define HAVE_PATHS_H 1
| #define HAVE_POLL_H 1
| #define HAVE_STDARG_H 1
| #define HAVE_SYS_FCNTL_H 1
| #define HAVE_SYS_QUEUE_H 1
| #define HAVE_SYS_SELECT_H 1
| #define HAVE_SYS_SOCKET_H 1
| #define HAVE_SYS_TIME_H 1
| #define HAVE_SYS_TYPES_H 1
| #define HAVE_SYSLOG_H 1
| #define HAVE_DECL_ASPRINTF 1
| #define HAVE_SOCKETPAIR 1
| #define HAVE_ADJTIME 1
| #define HAVE_ARC4RANDOM 1
| #define HAVE_ASPRINTF 1
| #define HAVE_BZERO 1
| #define HAVE_CLOCK_GETRES 1
| #define HAVE_DAEMON 1
| #define HAVE_ERRX 1
| #define HAVE_GETIFADDRS 1
| #define HAVE_INET_PTON 1
| #define HAVE_POLL 1
| #define HAVE_SELECT 1
| #define HAVE_SETGROUPS 1
| #define HAVE_SNPRINTF 1
| #define HAVE_STRLCPY 1
| #define HAVE_STRSIGNAL 1
| #define HAVE_VERRX 1
| #define HAVE_VSNPRINTF 1
| #define HAVE_VSYSLOG 1
| #define HAVE_SETUID 1
| #define HAVE_SETGID 1
| #define HAVE_SETEUID 1
| #define HAVE_SETEGID 1
| #define HAVE_GETADDRINFO 1
| #define HAVE_GETNAMEINFO 1
| #define HAVE_FREEADDRINFO 1
| #define HAVE_GAI_STRERROR 1
| #define HAVE_GAI_STRERROR 1
| #define HAVE_CONST_GAI_STRERROR_PROTO 1
| #define HAVE_STRUCT_SOCKADDR_STORAGE
| #define HAVE_STRUCT_SOCKADDR_IN6
| #define HAVE_STRUCT_IN6_ADDR
| #define HAVE_STRUCT_ADDRINFO
| /* end confdefs.h.  */
| 
| /* Override any gcc2 internal prototype to avoid an error.  */
| #ifdef __cplusplus
| extern "C"
| #endif
| /* We use char because int might match the return type of a gcc2
|    builtin and then its argument prototype would still apply.  */
| char res_9_init ();
| int
| main ()
| {
| res_9_init ();
|   ;
|   return 0;
| }
configure:5470: gcc -o conftest -g -O2 -Wall -Wstrict-prototypes -Wmissing-prototypes -Wmissing-declarations -Wshadow -Wpointer-arith -Wcast-qual -Wsign-compare   conftest.c -lresolv   >&5
conftest.c:76: warning: function declaration isn't a prototype
conftest.c:79: warning: function declaration isn't a prototype
/usr/pkg/bin/ld: cannot find -lresolv
collect2: ld returned 1 exit status
configure:5476: $? = 1
configure: failed program was:
| /* confdefs.h.  */
| 
| #define PACKAGE_NAME "OpenNTPD"
| #define PACKAGE_TARNAME "openntpd"
| #define PACKAGE_VERSION "Portable"
| #define PACKAGE_STRING "OpenNTPD Portable"
| #define PACKAGE_BUGREPORT ""
| #define STDC_HEADERS 1
| #define HAVE_SYS_TYPES_H 1
| #define HAVE_SYS_STAT_H 1
| #define HAVE_STDLIB_H 1
| #define HAVE_STRING_H 1
| #define HAVE_MEMORY_H 1
| #define HAVE_STRINGS_H 1
| #define HAVE_INTTYPES_H 1
| #define HAVE_STDINT_H 1
| #define HAVE_UNISTD_H 1
| #define HAVE_ARPA_INET_H 1
| #define HAVE_ARPA_NAMESER_H 1
| #define HAVE_CTYPE_H 1
| #define HAVE_ERR_H 1
| #define HAVE_IFADDRS_H 1
| #define HAVE_NETDB_H 1
| #define HAVE_PATHS_H 1
| #define HAVE_POLL_H 1
| #define HAVE_STDARG_H 1
| #define HAVE_SYS_FCNTL_H 1
| #define HAVE_SYS_QUEUE_H 1
| #define HAVE_SYS_SELECT_H 1
| #define HAVE_SYS_SOCKET_H 1
| #define HAVE_SYS_TIME_H 1
| #define HAVE_SYS_TYPES_H 1
| #define HAVE_SYSLOG_H 1
| #define HAVE_DECL_ASPRINTF 1
| #define HAVE_SOCKETPAIR 1
| #define HAVE_ADJTIME 1
| #define HAVE_ARC4RANDOM 1
| #define HAVE_ASPRINTF 1
| #define HAVE_BZERO 1
| #define HAVE_CLOCK_GETRES 1
| #define HAVE_DAEMON 1
| #define HAVE_ERRX 1
| #define HAVE_GETIFADDRS 1
| #define HAVE_INET_PTON 1
| #define HAVE_POLL 1
| #define HAVE_SELECT 1
| #define HAVE_SETGROUPS 1
| #define HAVE_SNPRINTF 1
| #define HAVE_STRLCPY 1
| #define HAVE_STRSIGNAL 1
| #define HAVE_VERRX 1
| #define HAVE_VSNPRINTF 1
| #define HAVE_VSYSLOG 1
| #define HAVE_SETUID 1
| #define HAVE_SETGID 1
| #define HAVE_SETEUID 1
| #define HAVE_SETEGID 1
| #define HAVE_GETADDRINFO 1
| #define HAVE_GETNAMEINFO 1
| #define HAVE_FREEADDRINFO 1
| #define HAVE_GAI_STRERROR 1
| #define HAVE_GAI_STRERROR 1
| #define HAVE_CONST_GAI_STRERROR_PROTO 1
| #define HAVE_STRUCT_SOCKADDR_STORAGE
| #define HAVE_STRUCT_SOCKADDR_IN6
| #define HAVE_STRUCT_IN6_ADDR
| #define HAVE_STRUCT_ADDRINFO
| /* end confdefs.h.  */
| 
| /* Override any gcc2 internal prototype to avoid an error.  */
| #ifdef __cplusplus
| extern "C"
| #endif
| /* We use char because int might match the return type of a gcc2
|    builtin and then its argument prototype would still apply.  */
| char res_9_init ();
| int
| main ()
| {
| res_9_init ();
|   ;
|   return 0;
| }
configure:5504: result: no
configure:5512: checking for struct sockaddr.sa_len
configure:5621: result: no
configure:5631: checking for struct sockaddr_in.sin_len
configure:5659: gcc -c -g -O2 -Wall -Wstrict-prototypes -Wmissing-prototypes -Wmissing-declarations -Wshadow -Wpointer-arith -Wcast-qual -Wsign-compare  conftest.c >&5
conftest.c:77: warning: function declaration isn't a prototype
conftest.c: In function 'main':
conftest.c:79: error: 'struct sockaddr_in' has no member named 'sin_len'
configure:5665: $? = 1
configure: failed program was:
| /* confdefs.h.  */
| 
| #define PACKAGE_NAME "OpenNTPD"
| #define PACKAGE_TARNAME "openntpd"
| #define PACKAGE_VERSION "Portable"
| #define PACKAGE_STRING "OpenNTPD Portable"
| #define PACKAGE_BUGREPORT ""
| #define STDC_HEADERS 1
| #define HAVE_SYS_TYPES_H 1
| #define HAVE_SYS_STAT_H 1
| #define HAVE_STDLIB_H 1
| #define HAVE_STRING_H 1
| #define HAVE_MEMORY_H 1
| #define HAVE_STRINGS_H 1
| #define HAVE_INTTYPES_H 1
| #define HAVE_STDINT_H 1
| #define HAVE_UNISTD_H 1
| #define HAVE_ARPA_INET_H 1
| #define HAVE_ARPA_NAMESER_H 1
| #define HAVE_CTYPE_H 1
| #define HAVE_ERR_H 1
| #define HAVE_IFADDRS_H 1
| #define HAVE_NETDB_H 1
| #define HAVE_PATHS_H 1
| #define HAVE_POLL_H 1
| #define HAVE_STDARG_H 1
| #define HAVE_SYS_FCNTL_H 1
| #define HAVE_SYS_QUEUE_H 1
| #define HAVE_SYS_SELECT_H 1
| #define HAVE_SYS_SOCKET_H 1
| #define HAVE_SYS_TIME_H 1
| #define HAVE_SYS_TYPES_H 1
| #define HAVE_SYSLOG_H 1
| #define HAVE_DECL_ASPRINTF 1
| #define HAVE_SOCKETPAIR 1
| #define HAVE_ADJTIME 1
| #define HAVE_ARC4RANDOM 1
| #define HAVE_ASPRINTF 1
| #define HAVE_BZERO 1
| #define HAVE_CLOCK_GETRES 1
| #define HAVE_DAEMON 1
| #define HAVE_ERRX 1
| #define HAVE_GETIFADDRS 1
| #define HAVE_INET_PTON 1
| #define HAVE_POLL 1
| #define HAVE_SELECT 1
| #define HAVE_SETGROUPS 1
| #define HAVE_SNPRINTF 1
| #define HAVE_STRLCPY 1
| #define HAVE_STRSIGNAL 1
| #define HAVE_VERRX 1
| #define HAVE_VSNPRINTF 1
| #define HAVE_VSYSLOG 1
| #define HAVE_SETUID 1
| #define HAVE_SETGID 1
| #define HAVE_SETEUID 1
| #define HAVE_SETEGID 1
| #define HAVE_GETADDRINFO 1
| #define HAVE_GETNAMEINFO 1
| #define HAVE_FREEADDRINFO 1
| #define HAVE_GAI_STRERROR 1
| #define HAVE_GAI_STRERROR 1
| #define HAVE_CONST_GAI_STRERROR_PROTO 1
| #define HAVE_STRUCT_SOCKADDR_STORAGE
| #define HAVE_STRUCT_SOCKADDR_IN6
| #define HAVE_STRUCT_IN6_ADDR
| #define HAVE_STRUCT_ADDRINFO
| /* end confdefs.h.  */
| #include <sys/types.h>
| 	 #include <sys/socket.h>
| 	 #include <netinet/in.h>
| 	 #include <netdb.h>
| 
| 
| int
| main ()
| {
| static struct sockaddr_in ac_aggr;
| if (ac_aggr.sin_len)
| return 0;
|   ;
|   return 0;
| }
configure:5708: gcc -c -g -O2 -Wall -Wstrict-prototypes -Wmissing-prototypes -Wmissing-declarations -Wshadow -Wpointer-arith -Wcast-qual -Wsign-compare  conftest.c >&5
conftest.c:77: warning: function declaration isn't a prototype
conftest.c: In function 'main':
conftest.c:79: error: 'struct sockaddr_in' has no member named 'sin_len'
configure:5714: $? = 1
configure: failed program was:
| /* confdefs.h.  */
| 
| #define PACKAGE_NAME "OpenNTPD"
| #define PACKAGE_TARNAME "openntpd"
| #define PACKAGE_VERSION "Portable"
| #define PACKAGE_STRING "OpenNTPD Portable"
| #define PACKAGE_BUGREPORT ""
| #define STDC_HEADERS 1
| #define HAVE_SYS_TYPES_H 1
| #define HAVE_SYS_STAT_H 1
| #define HAVE_STDLIB_H 1
| #define HAVE_STRING_H 1
| #define HAVE_MEMORY_H 1
| #define HAVE_STRINGS_H 1
| #define HAVE_INTTYPES_H 1
| #define HAVE_STDINT_H 1
| #define HAVE_UNISTD_H 1
| #define HAVE_ARPA_INET_H 1
| #define HAVE_ARPA_NAMESER_H 1
| #define HAVE_CTYPE_H 1
| #define HAVE_ERR_H 1
| #define HAVE_IFADDRS_H 1
| #define HAVE_NETDB_H 1
| #define HAVE_PATHS_H 1
| #define HAVE_POLL_H 1
| #define HAVE_STDARG_H 1
| #define HAVE_SYS_FCNTL_H 1
| #define HAVE_SYS_QUEUE_H 1
| #define HAVE_SYS_SELECT_H 1
| #define HAVE_SYS_SOCKET_H 1
| #define HAVE_SYS_TIME_H 1
| #define HAVE_SYS_TYPES_H 1
| #define HAVE_SYSLOG_H 1
| #define HAVE_DECL_ASPRINTF 1
| #define HAVE_SOCKETPAIR 1
| #define HAVE_ADJTIME 1
| #define HAVE_ARC4RANDOM 1
| #define HAVE_ASPRINTF 1
| #define HAVE_BZERO 1
| #define HAVE_CLOCK_GETRES 1
| #define HAVE_DAEMON 1
| #define HAVE_ERRX 1
| #define HAVE_GETIFADDRS 1
| #define HAVE_INET_PTON 1
| #define HAVE_POLL 1
| #define HAVE_SELECT 1
| #define HAVE_SETGROUPS 1
| #define HAVE_SNPRINTF 1
| #define HAVE_STRLCPY 1
| #define HAVE_STRSIGNAL 1
| #define HAVE_VERRX 1
| #define HAVE_VSNPRINTF 1
| #define HAVE_VSYSLOG 1
| #define HAVE_SETUID 1
| #define HAVE_SETGID 1
| #define HAVE_SETEUID 1
| #define HAVE_SETEGID 1
| #define HAVE_GETADDRINFO 1
| #define HAVE_GETNAMEINFO 1
| #define HAVE_FREEADDRINFO 1
| #define HAVE_GAI_STRERROR 1
| #define HAVE_GAI_STRERROR 1
| #define HAVE_CONST_GAI_STRERROR_PROTO 1
| #define HAVE_STRUCT_SOCKADDR_STORAGE
| #define HAVE_STRUCT_SOCKADDR_IN6
| #define HAVE_STRUCT_IN6_ADDR
| #define HAVE_STRUCT_ADDRINFO
| /* end confdefs.h.  */
| #include <sys/types.h>
| 	 #include <sys/socket.h>
| 	 #include <netinet/in.h>
| 	 #include <netdb.h>
| 
| 
| int
| main ()
| {
| static struct sockaddr_in ac_aggr;
| if (sizeof ac_aggr.sin_len)
| return 0;
|   ;
|   return 0;
| }
configure:5740: result: no
configure:5750: checking for struct sockaddr_in6.sin6_len
configure:5778: gcc -c -g -O2 -Wall -Wstrict-prototypes -Wmissing-prototypes -Wmissing-declarations -Wshadow -Wpointer-arith -Wcast-qual -Wsign-compare  conftest.c >&5
conftest.c:77: warning: function declaration isn't a prototype
conftest.c: In function 'main':
conftest.c:79: error: 'struct sockaddr_in6' has no member named 'sin6_len'
configure:5784: $? = 1
configure: failed program was:
| /* confdefs.h.  */
| 
| #define PACKAGE_NAME "OpenNTPD"
| #define PACKAGE_TARNAME "openntpd"
| #define PACKAGE_VERSION "Portable"
| #define PACKAGE_STRING "OpenNTPD Portable"
| #define PACKAGE_BUGREPORT ""
| #define STDC_HEADERS 1
| #define HAVE_SYS_TYPES_H 1
| #define HAVE_SYS_STAT_H 1
| #define HAVE_STDLIB_H 1
| #define HAVE_STRING_H 1
| #define HAVE_MEMORY_H 1
| #define HAVE_STRINGS_H 1
| #define HAVE_INTTYPES_H 1
| #define HAVE_STDINT_H 1
| #define HAVE_UNISTD_H 1
| #define HAVE_ARPA_INET_H 1
| #define HAVE_ARPA_NAMESER_H 1
| #define HAVE_CTYPE_H 1
| #define HAVE_ERR_H 1
| #define HAVE_IFADDRS_H 1
| #define HAVE_NETDB_H 1
| #define HAVE_PATHS_H 1
| #define HAVE_POLL_H 1
| #define HAVE_STDARG_H 1
| #define HAVE_SYS_FCNTL_H 1
| #define HAVE_SYS_QUEUE_H 1
| #define HAVE_SYS_SELECT_H 1
| #define HAVE_SYS_SOCKET_H 1
| #define HAVE_SYS_TIME_H 1
| #define HAVE_SYS_TYPES_H 1
| #define HAVE_SYSLOG_H 1
| #define HAVE_DECL_ASPRINTF 1
| #define HAVE_SOCKETPAIR 1
| #define HAVE_ADJTIME 1
| #define HAVE_ARC4RANDOM 1
| #define HAVE_ASPRINTF 1
| #define HAVE_BZERO 1
| #define HAVE_CLOCK_GETRES 1
| #define HAVE_DAEMON 1
| #define HAVE_ERRX 1
| #define HAVE_GETIFADDRS 1
| #define HAVE_INET_PTON 1
| #define HAVE_POLL 1
| #define HAVE_SELECT 1
| #define HAVE_SETGROUPS 1
| #define HAVE_SNPRINTF 1
| #define HAVE_STRLCPY 1
| #define HAVE_STRSIGNAL 1
| #define HAVE_VERRX 1
| #define HAVE_VSNPRINTF 1
| #define HAVE_VSYSLOG 1
| #define HAVE_SETUID 1
| #define HAVE_SETGID 1
| #define HAVE_SETEUID 1
| #define HAVE_SETEGID 1
| #define HAVE_GETADDRINFO 1
| #define HAVE_GETNAMEINFO 1
| #define HAVE_FREEADDRINFO 1
| #define HAVE_GAI_STRERROR 1
| #define HAVE_GAI_STRERROR 1
| #define HAVE_CONST_GAI_STRERROR_PROTO 1
| #define HAVE_STRUCT_SOCKADDR_STORAGE
| #define HAVE_STRUCT_SOCKADDR_IN6
| #define HAVE_STRUCT_IN6_ADDR
| #define HAVE_STRUCT_ADDRINFO
| /* end confdefs.h.  */
| #include <sys/types.h>
| 	 #include <sys/socket.h>
| 	 #include <netinet/in.h>
| 	 #include <netdb.h>
| 
| 
| int
| main ()
| {
| static struct sockaddr_in6 ac_aggr;
| if (ac_aggr.sin6_len)
| return 0;
|   ;
|   return 0;
| }
configure:5827: gcc -c -g -O2 -Wall -Wstrict-prototypes -Wmissing-prototypes -Wmissing-declarations -Wshadow -Wpointer-arith -Wcast-qual -Wsign-compare  conftest.c >&5
conftest.c:77: warning: function declaration isn't a prototype
conftest.c: In function 'main':
conftest.c:79: error: 'struct sockaddr_in6' has no member named 'sin6_len'
configure:5833: $? = 1
configure: failed program was:
| /* confdefs.h.  */
| 
| #define PACKAGE_NAME "OpenNTPD"
| #define PACKAGE_TARNAME "openntpd"
| #define PACKAGE_VERSION "Portable"
| #define PACKAGE_STRING "OpenNTPD Portable"
| #define PACKAGE_BUGREPORT ""
| #define STDC_HEADERS 1
| #define HAVE_SYS_TYPES_H 1
| #define HAVE_SYS_STAT_H 1
| #define HAVE_STDLIB_H 1
| #define HAVE_STRING_H 1
| #define HAVE_MEMORY_H 1
| #define HAVE_STRINGS_H 1
| #define HAVE_INTTYPES_H 1
| #define HAVE_STDINT_H 1
| #define HAVE_UNISTD_H 1
| #define HAVE_ARPA_INET_H 1
| #define HAVE_ARPA_NAMESER_H 1
| #define HAVE_CTYPE_H 1
| #define HAVE_ERR_H 1
| #define HAVE_IFADDRS_H 1
| #define HAVE_NETDB_H 1
| #define HAVE_PATHS_H 1
| #define HAVE_POLL_H 1
| #define HAVE_STDARG_H 1
| #define HAVE_SYS_FCNTL_H 1
| #define HAVE_SYS_QUEUE_H 1
| #define HAVE_SYS_SELECT_H 1
| #define HAVE_SYS_SOCKET_H 1
| #define HAVE_SYS_TIME_H 1
| #define HAVE_SYS_TYPES_H 1
| #define HAVE_SYSLOG_H 1
| #define HAVE_DECL_ASPRINTF 1
| #define HAVE_SOCKETPAIR 1
| #define HAVE_ADJTIME 1
| #define HAVE_ARC4RANDOM 1
| #define HAVE_ASPRINTF 1
| #define HAVE_BZERO 1
| #define HAVE_CLOCK_GETRES 1
| #define HAVE_DAEMON 1
| #define HAVE_ERRX 1
| #define HAVE_GETIFADDRS 1
| #define HAVE_INET_PTON 1
| #define HAVE_POLL 1
| #define HAVE_SELECT 1
| #define HAVE_SETGROUPS 1
| #define HAVE_SNPRINTF 1
| #define HAVE_STRLCPY 1
| #define HAVE_STRSIGNAL 1
| #define HAVE_VERRX 1
| #define HAVE_VSNPRINTF 1
| #define HAVE_VSYSLOG 1
| #define HAVE_SETUID 1
| #define HAVE_SETGID 1
| #define HAVE_SETEUID 1
| #define HAVE_SETEGID 1
| #define HAVE_GETADDRINFO 1
| #define HAVE_GETNAMEINFO 1
| #define HAVE_FREEADDRINFO 1
| #define HAVE_GAI_STRERROR 1
| #define HAVE_GAI_STRERROR 1
| #define HAVE_CONST_GAI_STRERROR_PROTO 1
| #define HAVE_STRUCT_SOCKADDR_STORAGE
| #define HAVE_STRUCT_SOCKADDR_IN6
| #define HAVE_STRUCT_IN6_ADDR
| #define HAVE_STRUCT_ADDRINFO
| /* end confdefs.h.  */
| #include <sys/types.h>
| 	 #include <sys/socket.h>
| 	 #include <netinet/in.h>
| 	 #include <netdb.h>
| 
| 
| int
| main ()
| {
| static struct sockaddr_in6 ac_aggr;
| if (sizeof ac_aggr.sin6_len)
| return 0;
|   ;
|   return 0;
| }
configure:5859: result: no
configure:5869: checking for struct sockaddr_in6.sin6_scope_id
configure:5897: gcc -c -g -O2 -Wall -Wstrict-prototypes -Wmissing-prototypes -Wmissing-declarations -Wshadow -Wpointer-arith -Wcast-qual -Wsign-compare  conftest.c >&5
conftest.c:77: warning: function declaration isn't a prototype
configure:5903: $? = 0
configure:5907: test -z 
			 || test ! -s conftest.err
configure:5910: $? = 0
configure:5913: test -s conftest.o
configure:5916: $? = 0
configure:5978: result: yes
configure:5988: checking for struct sockaddr_storage.ss_family
configure:6016: gcc -c -g -O2 -Wall -Wstrict-prototypes -Wmissing-prototypes -Wmissing-declarations -Wshadow -Wpointer-arith -Wcast-qual -Wsign-compare  conftest.c >&5
conftest.c:78: warning: function declaration isn't a prototype
configure:6022: $? = 0
configure:6026: test -z 
			 || test ! -s conftest.err
configure:6029: $? = 0
configure:6032: test -s conftest.o
configure:6035: $? = 0
configure:6097: result: yes
configure:6107: checking for struct sockaddr_storage.__ss_family
configure:6135: gcc -c -g -O2 -Wall -Wstrict-prototypes -Wmissing-prototypes -Wmissing-declarations -Wshadow -Wpointer-arith -Wcast-qual -Wsign-compare  conftest.c >&5
conftest.c:79: warning: function declaration isn't a prototype
conftest.c: In function 'main':
conftest.c:81: error: 'struct sockaddr_storage' has no member named '__ss_family'
configure:6141: $? = 1
configure: failed program was:
| /* confdefs.h.  */
| 
| #define PACKAGE_NAME "OpenNTPD"
| #define PACKAGE_TARNAME "openntpd"
| #define PACKAGE_VERSION "Portable"
| #define PACKAGE_STRING "OpenNTPD Portable"
| #define PACKAGE_BUGREPORT ""
| #define STDC_HEADERS 1
| #define HAVE_SYS_TYPES_H 1
| #define HAVE_SYS_STAT_H 1
| #define HAVE_STDLIB_H 1
| #define HAVE_STRING_H 1
| #define HAVE_MEMORY_H 1
| #define HAVE_STRINGS_H 1
| #define HAVE_INTTYPES_H 1
| #define HAVE_STDINT_H 1
| #define HAVE_UNISTD_H 1
| #define HAVE_ARPA_INET_H 1
| #define HAVE_ARPA_NAMESER_H 1
| #define HAVE_CTYPE_H 1
| #define HAVE_ERR_H 1
| #define HAVE_IFADDRS_H 1
| #define HAVE_NETDB_H 1
| #define HAVE_PATHS_H 1
| #define HAVE_POLL_H 1
| #define HAVE_STDARG_H 1
| #define HAVE_SYS_FCNTL_H 1
| #define HAVE_SYS_QUEUE_H 1
| #define HAVE_SYS_SELECT_H 1
| #define HAVE_SYS_SOCKET_H 1
| #define HAVE_SYS_TIME_H 1
| #define HAVE_SYS_TYPES_H 1
| #define HAVE_SYSLOG_H 1
| #define HAVE_DECL_ASPRINTF 1
| #define HAVE_SOCKETPAIR 1
| #define HAVE_ADJTIME 1
| #define HAVE_ARC4RANDOM 1
| #define HAVE_ASPRINTF 1
| #define HAVE_BZERO 1
| #define HAVE_CLOCK_GETRES 1
| #define HAVE_DAEMON 1
| #define HAVE_ERRX 1
| #define HAVE_GETIFADDRS 1
| #define HAVE_INET_PTON 1
| #define HAVE_POLL 1
| #define HAVE_SELECT 1
| #define HAVE_SETGROUPS 1
| #define HAVE_SNPRINTF 1
| #define HAVE_STRLCPY 1
| #define HAVE_STRSIGNAL 1
| #define HAVE_VERRX 1
| #define HAVE_VSNPRINTF 1
| #define HAVE_VSYSLOG 1
| #define HAVE_SETUID 1
| #define HAVE_SETGID 1
| #define HAVE_SETEUID 1
| #define HAVE_SETEGID 1
| #define HAVE_GETADDRINFO 1
| #define HAVE_GETNAMEINFO 1
| #define HAVE_FREEADDRINFO 1
| #define HAVE_GAI_STRERROR 1
| #define HAVE_GAI_STRERROR 1
| #define HAVE_CONST_GAI_STRERROR_PROTO 1
| #define HAVE_STRUCT_SOCKADDR_STORAGE
| #define HAVE_STRUCT_SOCKADDR_IN6
| #define HAVE_STRUCT_IN6_ADDR
| #define HAVE_STRUCT_ADDRINFO
| #define HAVE_STRUCT_SOCKADDR_IN6_SIN6_SCOPE_ID 1
| #define HAVE_STRUCT_SOCKADDR_STORAGE_SS_FAMILY 1
| /* end confdefs.h.  */
| #include <sys/types.h>
| 	 #include <sys/socket.h>
| 	 #include <netinet/in.h>
| 	 #include <netdb.h>
| 
| 
| int
| main ()
| {
| static struct sockaddr_storage ac_aggr;
| if (ac_aggr.__ss_family)
| return 0;
|   ;
|   return 0;
| }
configure:6184: gcc -c -g -O2 -Wall -Wstrict-prototypes -Wmissing-prototypes -Wmissing-declarations -Wshadow -Wpointer-arith -Wcast-qual -Wsign-compare  conftest.c >&5
conftest.c:79: warning: function declaration isn't a prototype
conftest.c: In function 'main':
conftest.c:81: error: 'struct sockaddr_storage' has no member named '__ss_family'
configure:6190: $? = 1
configure: failed program was:
| /* confdefs.h.  */
| 
| #define PACKAGE_NAME "OpenNTPD"
| #define PACKAGE_TARNAME "openntpd"
| #define PACKAGE_VERSION "Portable"
| #define PACKAGE_STRING "OpenNTPD Portable"
| #define PACKAGE_BUGREPORT ""
| #define STDC_HEADERS 1
| #define HAVE_SYS_TYPES_H 1
| #define HAVE_SYS_STAT_H 1
| #define HAVE_STDLIB_H 1
| #define HAVE_STRING_H 1
| #define HAVE_MEMORY_H 1
| #define HAVE_STRINGS_H 1
| #define HAVE_INTTYPES_H 1
| #define HAVE_STDINT_H 1
| #define HAVE_UNISTD_H 1
| #define HAVE_ARPA_INET_H 1
| #define HAVE_ARPA_NAMESER_H 1
| #define HAVE_CTYPE_H 1
| #define HAVE_ERR_H 1
| #define HAVE_IFADDRS_H 1
| #define HAVE_NETDB_H 1
| #define HAVE_PATHS_H 1
| #define HAVE_POLL_H 1
| #define HAVE_STDARG_H 1
| #define HAVE_SYS_FCNTL_H 1
| #define HAVE_SYS_QUEUE_H 1
| #define HAVE_SYS_SELECT_H 1
| #define HAVE_SYS_SOCKET_H 1
| #define HAVE_SYS_TIME_H 1
| #define HAVE_SYS_TYPES_H 1
| #define HAVE_SYSLOG_H 1
| #define HAVE_DECL_ASPRINTF 1
| #define HAVE_SOCKETPAIR 1
| #define HAVE_ADJTIME 1
| #define HAVE_ARC4RANDOM 1
| #define HAVE_ASPRINTF 1
| #define HAVE_BZERO 1
| #define HAVE_CLOCK_GETRES 1
| #define HAVE_DAEMON 1
| #define HAVE_ERRX 1
| #define HAVE_GETIFADDRS 1
| #define HAVE_INET_PTON 1
| #define HAVE_POLL 1
| #define HAVE_SELECT 1
| #define HAVE_SETGROUPS 1
| #define HAVE_SNPRINTF 1
| #define HAVE_STRLCPY 1
| #define HAVE_STRSIGNAL 1
| #define HAVE_VERRX 1
| #define HAVE_VSNPRINTF 1
| #define HAVE_VSYSLOG 1
| #define HAVE_SETUID 1
| #define HAVE_SETGID 1
| #define HAVE_SETEUID 1
| #define HAVE_SETEGID 1
| #define HAVE_GETADDRINFO 1
| #define HAVE_GETNAMEINFO 1
| #define HAVE_FREEADDRINFO 1
| #define HAVE_GAI_STRERROR 1
| #define HAVE_GAI_STRERROR 1
| #define HAVE_CONST_GAI_STRERROR_PROTO 1
| #define HAVE_STRUCT_SOCKADDR_STORAGE
| #define HAVE_STRUCT_SOCKADDR_IN6
| #define HAVE_STRUCT_IN6_ADDR
| #define HAVE_STRUCT_ADDRINFO
| #define HAVE_STRUCT_SOCKADDR_IN6_SIN6_SCOPE_ID 1
| #define HAVE_STRUCT_SOCKADDR_STORAGE_SS_FAMILY 1
| /* end confdefs.h.  */
| #include <sys/types.h>
| 	 #include <sys/socket.h>
| 	 #include <netinet/in.h>
| 	 #include <netdb.h>
| 
| 
| int
| main ()
| {
| static struct sockaddr_storage ac_aggr;
| if (sizeof ac_aggr.__ss_family)
| return 0;
|   ;
|   return 0;
| }
configure:6216: result: no
configure:6228: checking if libc defines __progname
configure:6250: gcc -o conftest -g -O2 -Wall -Wstrict-prototypes -Wmissing-prototypes -Wmissing-declarations -Wshadow -Wpointer-arith -Wcast-qual -Wsign-compare   conftest.c  >&5
conftest.c:74: warning: function declaration isn't a prototype
conftest.c: In function 'main':
conftest.c:75: warning: implicit declaration of function 'printf'
conftest.c:75: warning: incompatible implicit declaration of built-in function 'printf'
configure:6256: $? = 0
configure:6260: test -z 
			 || test ! -s conftest.err
configure:6263: $? = 0
configure:6266: test -s conftest
configure:6269: $? = 0
configure:6283: result: yes
configure:6293: checking if libc defines in6addr_any
configure:6318: gcc -o conftest -g -O2 -Wall -Wstrict-prototypes -Wmissing-prototypes -Wmissing-declarations -Wshadow -Wpointer-arith -Wcast-qual -Wsign-compare   conftest.c  >&5
conftest.c:75: error: expected identifier or '(' before '=' token
conftest.c:78: warning: function declaration isn't a prototype
conftest.c: In function 'main':
conftest.c:79: error: 'ac_cv_libc_defines_in6addr_any' undeclared (first use in this function)
conftest.c:79: error: (Each undeclared identifier is reported only once
conftest.c:79: error: for each function it appears in.)
configure:6324: $? = 1
configure: failed program was:
| /* confdefs.h.  */
| 
| #define PACKAGE_NAME "OpenNTPD"
| #define PACKAGE_TARNAME "openntpd"
| #define PACKAGE_VERSION "Portable"
| #define PACKAGE_STRING "OpenNTPD Portable"
| #define PACKAGE_BUGREPORT ""
| #define STDC_HEADERS 1
| #define HAVE_SYS_TYPES_H 1
| #define HAVE_SYS_STAT_H 1
| #define HAVE_STDLIB_H 1
| #define HAVE_STRING_H 1
| #define HAVE_MEMORY_H 1
| #define HAVE_STRINGS_H 1
| #define HAVE_INTTYPES_H 1
| #define HAVE_STDINT_H 1
| #define HAVE_UNISTD_H 1
| #define HAVE_ARPA_INET_H 1
| #define HAVE_ARPA_NAMESER_H 1
| #define HAVE_CTYPE_H 1
| #define HAVE_ERR_H 1
| #define HAVE_IFADDRS_H 1
| #define HAVE_NETDB_H 1
| #define HAVE_PATHS_H 1
| #define HAVE_POLL_H 1
| #define HAVE_STDARG_H 1
| #define HAVE_SYS_FCNTL_H 1
| #define HAVE_SYS_QUEUE_H 1
| #define HAVE_SYS_SELECT_H 1
| #define HAVE_SYS_SOCKET_H 1
| #define HAVE_SYS_TIME_H 1
| #define HAVE_SYS_TYPES_H 1
| #define HAVE_SYSLOG_H 1
| #define HAVE_DECL_ASPRINTF 1
| #define HAVE_SOCKETPAIR 1
| #define HAVE_ADJTIME 1
| #define HAVE_ARC4RANDOM 1
| #define HAVE_ASPRINTF 1
| #define HAVE_BZERO 1
| #define HAVE_CLOCK_GETRES 1
| #define HAVE_DAEMON 1
| #define HAVE_ERRX 1
| #define HAVE_GETIFADDRS 1
| #define HAVE_INET_PTON 1
| #define HAVE_POLL 1
| #define HAVE_SELECT 1
| #define HAVE_SETGROUPS 1
| #define HAVE_SNPRINTF 1
| #define HAVE_STRLCPY 1
| #define HAVE_STRSIGNAL 1
| #define HAVE_VERRX 1
| #define HAVE_VSNPRINTF 1
| #define HAVE_VSYSLOG 1
| #define HAVE_SETUID 1
| #define HAVE_SETGID 1
| #define HAVE_SETEUID 1
| #define HAVE_SETEGID 1
| #define HAVE_GETADDRINFO 1
| #define HAVE_GETNAMEINFO 1
| #define HAVE_FREEADDRINFO 1
| #define HAVE_GAI_STRERROR 1
| #define HAVE_GAI_STRERROR 1
| #define HAVE_CONST_GAI_STRERROR_PROTO 1
| #define HAVE_STRUCT_SOCKADDR_STORAGE
| #define HAVE_STRUCT_SOCKADDR_IN6
| #define HAVE_STRUCT_IN6_ADDR
| #define HAVE_STRUCT_ADDRINFO
| #define HAVE_STRUCT_SOCKADDR_IN6_SIN6_SCOPE_ID 1
| #define HAVE_STRUCT_SOCKADDR_STORAGE_SS_FAMILY 1
| #define HAVE___PROGNAME
| /* end confdefs.h.  */
|  #include <sys/types.h>
| 		  #include <sys/socket.h>
| 		  #include <netinet/in.h>
| 		  struct sockaddr_in6 = in6addr_any;
| int
| main ()
| {
|  ac_cv_libc_defines_in6addr_any="yes"
|   ;
|   return 0;
| }
configure:6350: result: 
configure:6364: checking for char
configure:6388: gcc -c -g -O2 -Wall -Wstrict-prototypes -Wmissing-prototypes -Wmissing-declarations -Wshadow -Wpointer-arith -Wcast-qual -Wsign-compare  conftest.c >&5
conftest.c:108: warning: function declaration isn't a prototype
configure:6394: $? = 0
configure:6398: test -z 
			 || test ! -s conftest.err
configure:6401: $? = 0
configure:6404: test -s conftest.o
configure:6407: $? = 0
configure:6418: result: yes
configure:6421: checking size of char
configure:6740: gcc -o conftest -g -O2 -Wall -Wstrict-prototypes -Wmissing-prototypes -Wmissing-declarations -Wshadow -Wpointer-arith -Wcast-qual -Wsign-compare   conftest.c  >&5
conftest.c:106: warning: function declaration isn't a prototype
conftest.c:107: warning: function declaration isn't a prototype
conftest.c:112: warning: function declaration isn't a prototype
configure:6743: $? = 0
configure:6745: ./conftest
configure:6748: $? = 0
configure:6771: result: 1
configure:6778: checking for short int
configure:6802: gcc -c -g -O2 -Wall -Wstrict-prototypes -Wmissing-prototypes -Wmissing-declarations -Wshadow -Wpointer-arith -Wcast-qual -Wsign-compare  conftest.c >&5
conftest.c:109: warning: function declaration isn't a prototype
configure:6808: $? = 0
configure:6812: test -z 
			 || test ! -s conftest.err
configure:6815: $? = 0
configure:6818: test -s conftest.o
configure:6821: $? = 0
configure:6832: result: yes
configure:6835: checking size of short int
configure:7154: gcc -o conftest -g -O2 -Wall -Wstrict-prototypes -Wmissing-prototypes -Wmissing-declarations -Wshadow -Wpointer-arith -Wcast-qual -Wsign-compare   conftest.c  >&5
conftest.c:107: warning: function declaration isn't a prototype
conftest.c:108: warning: function declaration isn't a prototype
conftest.c:113: warning: function declaration isn't a prototype
configure:7157: $? = 0
configure:7159: ./conftest
configure:7162: $? = 0
configure:7185: result: 2
configure:7192: checking for int
configure:7216: gcc -c -g -O2 -Wall -Wstrict-prototypes -Wmissing-prototypes -Wmissing-declarations -Wshadow -Wpointer-arith -Wcast-qual -Wsign-compare  conftest.c >&5
conftest.c:110: warning: function declaration isn't a prototype
configure:7222: $? = 0
configure:7226: test -z 
			 || test ! -s conftest.err
configure:7229: $? = 0
configure:7232: test -s conftest.o
configure:7235: $? = 0
configure:7246: result: yes
configure:7249: checking size of int
configure:7568: gcc -o conftest -g -O2 -Wall -Wstrict-prototypes -Wmissing-prototypes -Wmissing-declarations -Wshadow -Wpointer-arith -Wcast-qual -Wsign-compare   conftest.c  >&5
conftest.c:108: warning: function declaration isn't a prototype
conftest.c:109: warning: function declaration isn't a prototype
conftest.c:114: warning: function declaration isn't a prototype
configure:7571: $? = 0
configure:7573: ./conftest
configure:7576: $? = 0
configure:7599: result: 4
configure:7606: checking for long int
configure:7630: gcc -c -g -O2 -Wall -Wstrict-prototypes -Wmissing-prototypes -Wmissing-declarations -Wshadow -Wpointer-arith -Wcast-qual -Wsign-compare  conftest.c >&5
conftest.c:111: warning: function declaration isn't a prototype
configure:7636: $? = 0
configure:7640: test -z 
			 || test ! -s conftest.err
configure:7643: $? = 0
configure:7646: test -s conftest.o
configure:7649: $? = 0
configure:7660: result: yes
configure:7663: checking size of long int
configure:7982: gcc -o conftest -g -O2 -Wall -Wstrict-prototypes -Wmissing-prototypes -Wmissing-declarations -Wshadow -Wpointer-arith -Wcast-qual -Wsign-compare   conftest.c  >&5
conftest.c:109: warning: function declaration isn't a prototype
conftest.c:110: warning: function declaration isn't a prototype
conftest.c:115: warning: function declaration isn't a prototype
configure:7985: $? = 0
configure:7987: ./conftest
configure:7990: $? = 0
configure:8013: result: 4
configure:8020: checking for long long int
configure:8044: gcc -c -g -O2 -Wall -Wstrict-prototypes -Wmissing-prototypes -Wmissing-declarations -Wshadow -Wpointer-arith -Wcast-qual -Wsign-compare  conftest.c >&5
conftest.c:112: warning: function declaration isn't a prototype
configure:8050: $? = 0
configure:8054: test -z 
			 || test ! -s conftest.err
configure:8057: $? = 0
configure:8060: test -s conftest.o
configure:8063: $? = 0
configure:8074: result: yes
configure:8077: checking size of long long int
configure:8396: gcc -o conftest -g -O2 -Wall -Wstrict-prototypes -Wmissing-prototypes -Wmissing-declarations -Wshadow -Wpointer-arith -Wcast-qual -Wsign-compare   conftest.c  >&5
conftest.c:110: warning: function declaration isn't a prototype
conftest.c:111: warning: function declaration isn't a prototype
conftest.c:116: warning: function declaration isn't a prototype
configure:8399: $? = 0
configure:8401: ./conftest
configure:8404: $? = 0
configure:8427: result: 8
configure:8449: checking for u_int type
configure:8471: gcc -c -g -O2 -Wall -Wstrict-prototypes -Wmissing-prototypes -Wmissing-declarations -Wshadow -Wpointer-arith -Wcast-qual -Wsign-compare  conftest.c >&5
conftest.c:80: warning: function declaration isn't a prototype
configure:8477: $? = 0
configure:8481: test -z 
			 || test ! -s conftest.err
configure:8484: $? = 0
configure:8487: test -s conftest.o
configure:8490: $? = 0
configure:8503: result: yes
configure:8514: checking for intXX_t types
configure:8536: gcc -c -g -O2 -Wall -Wstrict-prototypes -Wmissing-prototypes -Wmissing-declarations -Wshadow -Wpointer-arith -Wcast-qual -Wsign-compare  conftest.c >&5
conftest.c:81: warning: function declaration isn't a prototype
configure:8542: $? = 0
configure:8546: test -z 
			 || test ! -s conftest.err
configure:8549: $? = 0
configure:8552: test -s conftest.o
configure:8555: $? = 0
configure:8568: result: yes
configure:8641: checking for int64_t type
configure:8672: gcc -c -g -O2 -Wall -Wstrict-prototypes -Wmissing-prototypes -Wmissing-declarations -Wshadow -Wpointer-arith -Wcast-qual -Wsign-compare  conftest.c >&5
conftest.c:91: warning: function declaration isn't a prototype
configure:8678: $? = 0
configure:8682: test -z 
			 || test ! -s conftest.err
configure:8685: $? = 0
configure:8688: test -s conftest.o
configure:8691: $? = 0
configure:8704: result: yes
configure:8714: checking for u_intXX_t types
configure:8736: gcc -c -g -O2 -Wall -Wstrict-prototypes -Wmissing-prototypes -Wmissing-declarations -Wshadow -Wpointer-arith -Wcast-qual -Wsign-compare  conftest.c >&5
conftest.c:83: warning: function declaration isn't a prototype
configure:8742: $? = 0
configure:8746: test -z 
			 || test ! -s conftest.err
configure:8749: $? = 0
configure:8752: test -s conftest.o
configure:8755: $? = 0
configure:8768: result: yes
configure:8839: checking for u_int64_t types
configure:8861: gcc -c -g -O2 -Wall -Wstrict-prototypes -Wmissing-prototypes -Wmissing-declarations -Wshadow -Wpointer-arith -Wcast-qual -Wsign-compare  conftest.c >&5
conftest.c:84: warning: function declaration isn't a prototype
configure:8867: $? = 0
configure:8871: test -z 
			 || test ! -s conftest.err
configure:8874: $? = 0
configure:8877: test -s conftest.o
configure:8880: $? = 0
configure:8893: result: yes
configure:9033: checking for uintXX_t types in stdint.h
configure:9051: gcc -c -g -O2 -Wall -Wstrict-prototypes -Wmissing-prototypes -Wmissing-declarations -Wshadow -Wpointer-arith -Wcast-qual -Wsign-compare  conftest.c >&5
conftest.c:85: warning: function declaration isn't a prototype
configure:9057: $? = 0
configure:9061: test -z 
			 || test ! -s conftest.err
configure:9064: $? = 0
configure:9067: test -s conftest.o
configure:9070: $? = 0
configure:9078: result: yes
configure:9166: checking for u_char
configure:9190: gcc -c -g -O2 -Wall -Wstrict-prototypes -Wmissing-prototypes -Wmissing-declarations -Wshadow -Wpointer-arith -Wcast-qual -Wsign-compare  conftest.c >&5
conftest.c:88: warning: function declaration isn't a prototype
configure:9196: $? = 0
configure:9200: test -z 
			 || test ! -s conftest.err
configure:9203: $? = 0
configure:9206: test -s conftest.o
configure:9209: $? = 0
configure:9222: result: yes
configure:9232: checking for sig_atomic_t
configure:9257: gcc -c -g -O2 -Wall -Wstrict-prototypes -Wmissing-prototypes -Wmissing-declarations -Wshadow -Wpointer-arith -Wcast-qual -Wsign-compare  conftest.c >&5
conftest.c:88: warning: function declaration isn't a prototype
configure:9263: $? = 0
configure:9267: test -z 
			 || test ! -s conftest.err
configure:9270: $? = 0
configure:9273: test -s conftest.o
configure:9276: $? = 0
configure:9287: result: yes
configure:9299: checking for socklen_t
configure:9331: gcc -c -g -O2 -Wall -Wstrict-prototypes -Wmissing-prototypes -Wmissing-declarations -Wshadow -Wpointer-arith -Wcast-qual -Wsign-compare  conftest.c >&5
conftest.c:96: warning: function declaration isn't a prototype
configure:9337: $? = 0
configure:9341: test -z 
			 || test ! -s conftest.err
configure:9344: $? = 0
configure:9347: test -s conftest.o
configure:9350: $? = 0
configure:9361: result: yes
configure:9450: checking for nroff
configure:9468: found /usr/bin/nroff
configure:9480: result: /usr/bin/nroff
configure:9491: checking man page format
configure:9500: result: cat
configure:9910: checking whether gcc implements __FUNCTION__
configure:9934: gcc -o conftest -g -O2 -Wall -Wstrict-prototypes -Wmissing-prototypes -Wmissing-declarations -Wshadow -Wpointer-arith -Wcast-qual -Wsign-compare   conftest.c  >&5
conftest.c:91: warning: function declaration isn't a prototype
configure:9940: $? = 0
configure:9944: test -z 
			 || test ! -s conftest.err
configure:9947: $? = 0
configure:9950: test -s conftest
configure:9953: $? = 0
configure:9967: result: yes
configure:9977: checking whether gcc implements __func__
configure:10001: gcc -o conftest -g -O2 -Wall -Wstrict-prototypes -Wmissing-prototypes -Wmissing-declarations -Wshadow -Wpointer-arith -Wcast-qual -Wsign-compare   conftest.c  >&5
conftest.c:92: warning: function declaration isn't a prototype
configure:10007: $? = 0
configure:10011: test -z 
			 || test ! -s conftest.err
configure:10014: $? = 0
configure:10017: test -s conftest
configure:10020: $? = 0
configure:10034: result: yes
configure:10141: creating ./config.status

## ---------------------- ##
## Running config.status. ##
## ---------------------- ##

This file was extended by OpenNTPD config.status Portable, which was
generated by GNU Autoconf 2.59.  Invocation command line was

  CONFIG_FILES    = 
  CONFIG_HEADERS  = 
  CONFIG_LINKS    = 
  CONFIG_COMMANDS = 
  $ ./config.status 

on 10.0.2.15

config.status:671: creating Makefile
config.status:671: creating openbsd-compat/Makefile
config.status:775: creating config.h

## ---------------- ##
## Cache variables. ##
## ---------------- ##

ac_cv_build=i686-pc-minix
ac_cv_build_alias=i686-pc-minix
ac_cv_c_compiler_gnu=yes
ac_cv_c_inline=inline
ac_cv_cc_implements___FUNCTION__=yes
ac_cv_cc_implements___func__=yes
ac_cv_env_CC_set=
ac_cv_env_CC_value=
ac_cv_env_CFLAGS_set=
ac_cv_env_CFLAGS_value=
ac_cv_env_CPPFLAGS_set=
ac_cv_env_CPPFLAGS_value=
ac_cv_env_CPP_set=
ac_cv_env_CPP_value=
ac_cv_env_LDFLAGS_set=
ac_cv_env_LDFLAGS_value=
ac_cv_env_build_alias_set=
ac_cv_env_build_alias_value=
ac_cv_env_host_alias_set=
ac_cv_env_host_alias_value=
ac_cv_env_target_alias_set=
ac_cv_env_target_alias_value=
ac_cv_exeext=
ac_cv_func_adjtime=yes
ac_cv_func_adjtimex=no
ac_cv_func_arc4random=yes
ac_cv_func_asprintf=yes
ac_cv_func_bzero=yes
ac_cv_func_clock_getres=yes
ac_cv_func_daemon=yes
ac_cv_func_errx=yes
ac_cv_func_freeaddrinfo=yes
ac_cv_func_gai_strerror=yes
ac_cv_func_getaddrinfo=yes
ac_cv_func_getifaddrs=yes
ac_cv_func_getnameinfo=yes
ac_cv_func_inet_pton=yes
ac_cv_func_poll=yes
ac_cv_func_select=yes
ac_cv_func_setegid=yes
ac_cv_func_seteuid=yes
ac_cv_func_setgid=yes
ac_cv_func_setgroups=yes
ac_cv_func_setproctitle=no
ac_cv_func_setregid=no
ac_cv_func_setresgid=no
ac_cv_func_setresuid=no
ac_cv_func_setreuid=no
ac_cv_func_setuid=yes
ac_cv_func_snprintf=yes
ac_cv_func_socketpair=yes
ac_cv_func_strlcpy=yes
ac_cv_func_strsignal=yes
ac_cv_func_verrx=yes
ac_cv_func_vsnprintf=yes
ac_cv_func_vsyslog=yes
ac_cv_have_decl_asprintf=yes
ac_cv_have_int64_t=yes
ac_cv_have_intxx_t=yes
ac_cv_have_struct_addrinfo=yes
ac_cv_have_struct_in6_addr=yes
ac_cv_have_struct_sockaddr_in6=yes
ac_cv_have_struct_sockaddr_storage=yes
ac_cv_have_u_char=yes
ac_cv_have_u_int=yes
ac_cv_have_u_int64_t=yes
ac_cv_have_u_intxx_t=yes
ac_cv_header_arpa_inet_h=yes
ac_cv_header_arpa_nameser_h=yes
ac_cv_header_ctype_h=yes
ac_cv_header_err_h=yes
ac_cv_header_ifaddrs_h=yes
ac_cv_header_inttypes_h=yes
ac_cv_header_memory_h=yes
ac_cv_header_netdb_h=yes
ac_cv_header_paths_h=yes
ac_cv_header_poll_h=yes
ac_cv_header_stdarg_h=yes
ac_cv_header_stdc=yes
ac_cv_header_stdint_h=yes
ac_cv_header_stdlib_h=yes
ac_cv_header_string_h=yes
ac_cv_header_strings_h=yes
ac_cv_header_sys_bitypes_h=no
ac_cv_header_sys_fcntl_h=yes
ac_cv_header_sys_queue_h=yes
ac_cv_header_sys_select_h=yes
ac_cv_header_sys_socket_h=yes
ac_cv_header_sys_sockio_h=no
ac_cv_header_sys_stat_h=yes
ac_cv_header_sys_time_h=yes
ac_cv_header_sys_timers_h=no
ac_cv_header_sys_timex_h=no
ac_cv_header_sys_types_h=yes
ac_cv_header_syslog_h=yes
ac_cv_header_unistd_h=yes
ac_cv_host=i686-pc-minix
ac_cv_host_alias=i686-pc-minix
ac_cv_libc_defines___progname=yes
ac_cv_member_struct_sockaddr_in6_sin6_len=no
ac_cv_member_struct_sockaddr_in6_sin6_scope_id=yes
ac_cv_member_struct_sockaddr_in_sin_len=no
ac_cv_member_struct_sockaddr_sa_len=no
ac_cv_member_struct_sockaddr_storage___ss_family=no
ac_cv_member_struct_sockaddr_storage_ss_family=yes
ac_cv_objext=o
ac_cv_path_AR=/usr/pkg/bin/ar
ac_cv_path_NROFF=/usr/bin/nroff
ac_cv_path_install='/usr/bin/install -c'
ac_cv_prog_AWK=awk
ac_cv_prog_CPP='gcc -E'
ac_cv_prog_ac_ct_CC=gcc
ac_cv_prog_ac_ct_RANLIB=ranlib
ac_cv_prog_cc_g=yes
ac_cv_prog_cc_stdc=
ac_cv_prog_egrep='grep -E'
ac_cv_search_res_9_init=no
ac_cv_search_res_init='none required'
ac_cv_sizeof_char=1
ac_cv_sizeof_int=4
ac_cv_sizeof_long_int=4
ac_cv_sizeof_long_long_int=8
ac_cv_sizeof_short_int=2
ac_cv_type_char=yes
ac_cv_type_int=yes
ac_cv_type_long_int=yes
ac_cv_type_long_long_int=yes
ac_cv_type_short_int=yes
ac_cv_type_sig_atomic_t=yes
ac_cv_type_socklen_t=yes

## ----------------- ##
## Output variables. ##
## ----------------- ##

AR='/usr/pkg/bin/ar'
AWK='awk'
CC='gcc'
CFLAGS='-g -O2 -Wall -Wstrict-prototypes -Wmissing-prototypes -Wmissing-declarations -Wshadow -Wpointer-arith -Wcast-qual -Wsign-compare'
CPP='gcc -E'
CPPFLAGS=''
DEFS='-DHAVE_CONFIG_H'
ECHO_C=''
ECHO_N='-n'
ECHO_T=''
EGREP='grep -E'
EXEEXT=''
INSTALL_DATA='${INSTALL} -m 644'
INSTALL_PROGRAM='${INSTALL}'
INSTALL_SCRIPT='${INSTALL}'
LD='gcc'
LDFLAGS=''
LIBOBJS=''
LIBS=''
LTLIBOBJS=''
MANTYPE='cat'
NROFF='/usr/bin/nroff'
OBJEXT='o'
PACKAGE_BUGREPORT=''
PACKAGE_NAME='OpenNTPD'
PACKAGE_STRING='OpenNTPD Portable'
PACKAGE_TARNAME='openntpd'
PACKAGE_VERSION='Portable'
PATH_SEPARATOR=':'
RANLIB='ranlib'
SHELL='/usr/pkg/bin/bash'
STRIP_OPT='-s'
YACC='yacc'
ac_ct_CC='gcc'
ac_ct_RANLIB='ranlib'
bindir='${exec_prefix}/bin'
build='i686-pc-minix'
build_alias=''
build_cpu='i686'
build_os='minix'
build_vendor='pc'
datadir='${prefix}/share'
exec_prefix='${prefix}'
have_sysconf=''
host='i686-pc-minix'
host_alias=''
host_cpu='i686'
host_os='minix'
host_vendor='pc'
includedir='${prefix}/include'
infodir='${prefix}/info'
libdir='${exec_prefix}/lib'
libexecdir='${exec_prefix}/libexec'
localstatedir='${prefix}/var'
mandir='${prefix}/man'
mansubdir='cat'
oldincludedir='/usr/include'
prefix='/usr'
privsep_path='/var/empty'
privsep_user='_ntp'
program_transform_name='s,x,x,'
sbindir='${exec_prefix}/sbin'
sharedstatedir='${prefix}/com'
sysconfdir='${prefix}/etc'
target_alias=''

## ----------- ##
## confdefs.h. ##
## ----------- ##

#define HAVE_ADJTIME 1
#define HAVE_ARC4RANDOM 1
#define HAVE_ARPA_INET_H 1
#define HAVE_ARPA_NAMESER_H 1
#define HAVE_ASPRINTF 1
#define HAVE_BZERO 1
#define HAVE_CLOCK_GETRES 1
#define HAVE_CONST_GAI_STRERROR_PROTO 1
#define HAVE_CTYPE_H 1
#define HAVE_DAEMON 1
#define HAVE_DECL_ASPRINTF 1
#define HAVE_ERRX 1
#define HAVE_ERR_H 1
#define HAVE_FREEADDRINFO 1
#define HAVE_GAI_STRERROR 1
#define HAVE_GAI_STRERROR 1
#define HAVE_GETADDRINFO 1
#define HAVE_GETIFADDRS 1
#define HAVE_GETNAMEINFO 1
#define HAVE_IFADDRS_H 1
#define HAVE_INET_PTON 1
#define HAVE_INT64_T
#define HAVE_INTTYPES_H 1
#define HAVE_INTXX_T
#define HAVE_MEMORY_H 1
#define HAVE_NETDB_H 1
#define HAVE_PATHS_H 1
#define HAVE_POLL 1
#define HAVE_POLL_H 1
#define HAVE_SELECT 1
#define HAVE_SETEGID 1
#define HAVE_SETEUID 1
#define HAVE_SETGID 1
#define HAVE_SETGROUPS 1
#define HAVE_SETUID 1
#define HAVE_SIG_ATOMIC_T 1
#define HAVE_SNPRINTF 1
#define HAVE_SOCKETPAIR 1
#define HAVE_SOCKLEN_T 1
#define HAVE_STDARG_H 1
#define HAVE_STDINT_H 1
#define HAVE_STDLIB_H 1
#define HAVE_STRINGS_H 1
#define HAVE_STRING_H 1
#define HAVE_STRLCPY 1
#define HAVE_STRSIGNAL 1
#define HAVE_STRUCT_ADDRINFO
#define HAVE_STRUCT_IN6_ADDR
#define HAVE_STRUCT_SOCKADDR_IN6
#define HAVE_STRUCT_SOCKADDR_IN6_SIN6_SCOPE_ID 1
#define HAVE_STRUCT_SOCKADDR_STORAGE
#define HAVE_STRUCT_SOCKADDR_STORAGE_SS_FAMILY 1
#define HAVE_SYSLOG_H 1
#define HAVE_SYS_FCNTL_H 1
#define HAVE_SYS_QUEUE_H 1
#define HAVE_SYS_SELECT_H 1
#define HAVE_SYS_SOCKET_H 1
#define HAVE_SYS_STAT_H 1
#define HAVE_SYS_TIME_H 1
#define HAVE_SYS_TYPES_H 1
#define HAVE_SYS_TYPES_H 1
#define HAVE_UINTXX_T
#define HAVE_UNISTD_H 1
#define HAVE_U_CHAR
#define HAVE_U_INT
#define HAVE_U_INT64_T
#define HAVE_U_INTXX_T
#define HAVE_VERRX 1
#define HAVE_VSNPRINTF 1
#define HAVE_VSYSLOG 1
#define HAVE___FUNCTION__ 1
#define HAVE___PROGNAME
#define HAVE___func__ 1
#define PACKAGE_BUGREPORT ""
#define PACKAGE_NAME "OpenNTPD"
#define PACKAGE_STRING "OpenNTPD Portable"
#define PACKAGE_TARNAME "openntpd"
#define PACKAGE_VERSION "Portable"
#define SIZEOF_CHAR 1
#define SIZEOF_INT 4
#define SIZEOF_LONG_INT 4
#define SIZEOF_LONG_LONG_INT 8
#define SIZEOF_SHORT_INT 2
#define STDC_HEADERS 1

configure: exit 0
